
Start time     : 2019-08-02T12:03:55
Program name   : esorex
Severity level : [ INFO  ] 

12:03:55 [ INFO  ] : [tid=000] This is EsoRex, version 3.13.1
12:03:55 [ INFO  ] : [tid=000] using the libraries: CPL = 7.1, CFITSIO = 3.36, WCSLIB = 4.24, FFTW (normal precision) = 3.3.7, FFTW (single precision) = 3.3.7, CPL FLOP counting is unavailable, enable with -DCPL_ADD_FLOPS, OPENMP = 201511
12:03:55 [ INFO  ] : [tid=000] Invocation command line was: esorex --mem-check=TRUE cr2res_cal_wave cr2res_cal_wave.sof
12:03:55 [ INFO  ] cr2res_cal_wave: [tid=000] Process detector number 1
12:03:56 [ INFO  ] cr2res_cal_wave_reduce: [tid=000]   Collapse the input frames
12:03:56 [ INFO  ] cr2res_cal_wave_reduce: [tid=000]   Load the TRACE WAVE
12:03:56 [ INFO  ] cr2res_cal_wave_reduce: [tid=000]   Spectra Extraction
12:03:56 [ INFO  ] cr2res_extract_traces: [tid=000]   Process Order 1/Trace 1
12:04:02 [ INFO  ] cr2res_extract_traces: [tid=000]   Process Order 2/Trace 1
12:04:10 [ INFO  ] cr2res_extract_traces: [tid=000]   Process Order 3/Trace 1
12:04:17 [ INFO  ] cr2res_extract_traces: [tid=000]   Process Order 4/Trace 1
12:04:25 [ INFO  ] cr2res_extract_traces: [tid=000]   Process Order 5/Trace 1
12:04:31 [ INFO  ] cr2res_extract_traces: [tid=000]   Process Order 6/Trace 1
12:04:38 [ INFO  ] cr2res_extract_traces: [tid=000]   Process Order 7/Trace 1
12:04:45 [ INFO  ] cr2res_extract_traces: [tid=000]   Process Order 8/Trace 1
12:04:51 [ INFO  ] cr2res_extract_traces: [tid=000]   Process Order 9/Trace 1
12:04:51 [WARNING] cr2res_trace_compute_height: [tid=000]     Stdev of extraction height is large: 51.8
12:04:54 [ INFO  ] cr2res_extract_traces: [tid=000]   Process Order 9/Trace 2
12:05:00 [ INFO  ] cr2res_extract_traces: [tid=000]   Process Order 9/Trace 3
12:05:06 [ INFO  ] cr2res_extract_traces: [tid=000]   Process Order 9/Trace 4
12:05:12 [ INFO  ] cr2res_extract_traces: [tid=000]   Process Order 9/Trace 5
12:05:18 [ INFO  ] cr2res_extract_traces: [tid=000]   Process Order 9/Trace 6
12:05:18 [ INFO  ] cr2res_cal_wave_reduce: [tid=000]   Compute the Wavelength
12:05:18 [ INFO  ] cr2res_wave_apply: [tid=000]   Retrieve Order 1/Trace 1 Spectrum
12:05:18 [ INFO  ] cr2res_wave_apply: [tid=000]   Retrieve Order 2/Trace 1 Spectrum
12:05:18 [ INFO  ] cr2res_wave_apply: [tid=000]   Retrieve Order 3/Trace 1 Spectrum
12:05:18 [ INFO  ] cr2res_wave_apply: [tid=000]   Retrieve Order 4/Trace 1 Spectrum
12:05:18 [ INFO  ] cr2res_wave_apply: [tid=000]   Retrieve Order 5/Trace 1 Spectrum
12:05:18 [ INFO  ] cr2res_wave_apply: [tid=000]   Retrieve Order 6/Trace 1 Spectrum
12:05:18 [ INFO  ] cr2res_wave_apply: [tid=000]   Retrieve Order 7/Trace 1 Spectrum
12:05:18 [ INFO  ] cr2res_wave_apply: [tid=000]   Retrieve Order 8/Trace 1 Spectrum
12:05:18 [ INFO  ] cr2res_wave_apply: [tid=000]   Retrieve Order 9/Trace 1 Spectrum
12:05:18 [ INFO  ] cr2res_wave_apply: [tid=000]   Retrieve Order 9/Trace 2 Spectrum
12:05:18 [ INFO  ] cr2res_wave_apply: [tid=000]   Retrieve Order 9/Trace 3 Spectrum
12:05:18 [ INFO  ] cr2res_wave_apply: [tid=000]   Retrieve Order 9/Trace 4 Spectrum
12:05:18 [ INFO  ] cr2res_wave_apply: [tid=000]   Retrieve Order 9/Trace 5 Spectrum
12:05:18 [ INFO  ] cr2res_wave_apply: [tid=000]   Retrieve Order 9/Trace 6 Spectrum
12:05:18 [ INFO  ] cr2res_wave_apply: [tid=000]   Process Order 1/Trace 1
12:05:18 [ INFO  ] cr2res_wave_xcorr: [tid=000]   Wl Range Input : 1331.15 - 1340.21
12:05:18 [ INFO  ] cr2res_wave_xcorr: [tid=000]   Low Frequency removal from spectrum
12:05:18 [ INFO  ] cr2res_wave_xcorr: [tid=000]   Pass #1 : Degree 2 / Error 0.5 nm (112.999 pix) / 30 samples -> 27000 polynomials
12:05:20 [ INFO  ] cr2res_wave_xcorr: [tid=000]     Cross-Correlation factor: 0.638165
12:05:20 [ INFO  ] cr2res_wave_xcorr: [tid=000]   Pass #2 : Degree 3 / Error 0.25 nm (56.4997 pix) / 10 samples -> 10000 Polys
12:05:20 [ INFO  ] cr2res_wave_xcorr: [tid=000]     Cross-Correlation factor: 0.638624
12:05:20 [ INFO  ] cr2res_wave_apply: [tid=000]   Process Order 2/Trace 1
12:05:20 [ INFO  ] cr2res_wave_xcorr: [tid=000]   Wl Range Input : 1300.28 - 1309.13
12:05:20 [ INFO  ] cr2res_wave_xcorr: [tid=000]   Low Frequency removal from spectrum
12:05:20 [ INFO  ] cr2res_wave_xcorr: [tid=000]   Pass #1 : Degree 2 / Error 0.5 nm (115.693 pix) / 30 samples -> 27000 polynomials
12:05:23 [ INFO  ] cr2res_wave_xcorr: [tid=000]     Cross-Correlation factor: 0.622626
12:05:23 [ INFO  ] cr2res_wave_xcorr: [tid=000]   Pass #2 : Degree 3 / Error 0.25 nm (57.8466 pix) / 10 samples -> 10000 Polys
12:05:24 [ INFO  ] cr2res_wave_xcorr: [tid=000]     Cross-Correlation factor: 0.622626
12:05:24 [ INFO  ] cr2res_wave_apply: [tid=000]   Process Order 3/Trace 1
12:05:24 [ INFO  ] cr2res_wave_xcorr: [tid=000]   Wl Range Input : 1270.8 - 1279.45
12:05:24 [ INFO  ] cr2res_wave_xcorr: [tid=000]   Low Frequency removal from spectrum
12:05:24 [ INFO  ] cr2res_wave_xcorr: [tid=000]   Pass #1 : Degree 2 / Error 0.5 nm (118.395 pix) / 30 samples -> 27000 polynomials
12:05:27 [ INFO  ] cr2res_wave_xcorr: [tid=000]     Cross-Correlation factor: 0.823032
12:05:27 [ INFO  ] cr2res_wave_xcorr: [tid=000]   Pass #2 : Degree 3 / Error 0.25 nm (59.1976 pix) / 10 samples -> 10000 Polys
12:05:28 [ INFO  ] cr2res_wave_xcorr: [tid=000]     Cross-Correlation factor: 0.825599
12:05:28 [ INFO  ] cr2res_wave_apply: [tid=000]   Process Order 4/Trace 1
12:05:28 [ INFO  ] cr2res_wave_xcorr: [tid=000]   Wl Range Input : 1242.62 - 1251.08
12:05:28 [ INFO  ] cr2res_wave_xcorr: [tid=000]   Low Frequency removal from spectrum
12:05:28 [ INFO  ] cr2res_wave_xcorr: [tid=000]   Pass #1 : Degree 2 / Error 0.5 nm (121.097 pix) / 30 samples -> 27000 polynomials
12:05:30 [ INFO  ] cr2res_wave_xcorr: [tid=000]     Cross-Correlation factor: 0.702025
12:05:30 [ INFO  ] cr2res_wave_xcorr: [tid=000]   Pass #2 : Degree 3 / Error 0.25 nm (60.5487 pix) / 10 samples -> 10000 Polys
12:05:30 [ INFO  ] cr2res_wave_xcorr: [tid=000]     Cross-Correlation factor: 0.702025
12:05:30 [ INFO  ] cr2res_wave_apply: [tid=000]   Process Order 5/Trace 1
12:05:30 [ INFO  ] cr2res_wave_xcorr: [tid=000]   Wl Range Input : 1215.65 - 1223.92
12:05:30 [ INFO  ] cr2res_wave_xcorr: [tid=000]   Low Frequency removal from spectrum
12:05:30 [ INFO  ] cr2res_wave_xcorr: [tid=000]   Pass #1 : Degree 2 / Error 0.5 nm (123.791 pix) / 30 samples -> 27000 polynomials
12:05:33 [ INFO  ] cr2res_wave_xcorr: [tid=000]     Cross-Correlation factor: 0.434745
12:05:33 [ INFO  ] cr2res_wave_xcorr: [tid=000]   Pass #2 : Degree 3 / Error 0.25 nm (61.8956 pix) / 10 samples -> 10000 Polys
12:05:35 [ INFO  ] cr2res_wave_xcorr: [tid=000]     Cross-Correlation factor: 0.441764
12:05:35 [ INFO  ] cr2res_wave_apply: [tid=000]   Process Order 6/Trace 1
12:05:35 [ INFO  ] cr2res_wave_xcorr: [tid=000]   Wl Range Input : 1189.82 - 1197.91
12:05:35 [ INFO  ] cr2res_wave_xcorr: [tid=000]   Low Frequency removal from spectrum
12:05:35 [ INFO  ] cr2res_wave_xcorr: [tid=000]   Pass #1 : Degree 2 / Error 0.5 nm (126.498 pix) / 30 samples -> 27000 polynomials
12:05:37 [ INFO  ] cr2res_wave_xcorr: [tid=000]     Cross-Correlation factor: 0.444441
12:05:37 [ INFO  ] cr2res_wave_xcorr: [tid=000]   Pass #2 : Degree 3 / Error 0.25 nm (63.2489 pix) / 10 samples -> 10000 Polys
12:05:37 [ INFO  ] cr2res_wave_xcorr: [tid=000]     Cross-Correlation factor: 0.445937
12:05:37 [ INFO  ] cr2res_wave_apply: [tid=000]   Process Order 7/Trace 1
12:05:38 [ INFO  ] cr2res_wave_xcorr: [tid=000]   Wl Range Input : 1165.06 - 1172.98
12:05:38 [ INFO  ] cr2res_wave_xcorr: [tid=000]   Low Frequency removal from spectrum
12:05:38 [ INFO  ] cr2res_wave_xcorr: [tid=000]   Pass #1 : Degree 2 / Error 0.5 nm (129.195 pix) / 30 samples -> 27000 polynomials
12:05:40 [ INFO  ] cr2res_wave_xcorr: [tid=000]     Cross-Correlation factor: 0.599323
12:05:40 [ INFO  ] cr2res_wave_xcorr: [tid=000]   Pass #2 : Degree 3 / Error 0.25 nm (64.5975 pix) / 10 samples -> 10000 Polys
12:05:41 [ INFO  ] cr2res_wave_xcorr: [tid=000]     Cross-Correlation factor: 0.603269
12:05:41 [ INFO  ] cr2res_wave_apply: [tid=000]   Process Order 8/Trace 1
12:05:41 [ INFO  ] cr2res_wave_xcorr: [tid=000]   Wl Range Input : 1141.29 - 1149.06
12:05:41 [ INFO  ] cr2res_wave_xcorr: [tid=000]   Low Frequency removal from spectrum
12:05:41 [ INFO  ] cr2res_wave_xcorr: [tid=000]   Pass #1 : Degree 2 / Error 0.5 nm (131.908 pix) / 30 samples -> 27000 polynomials
12:05:42 [ INFO  ] cr2res_wave_xcorr: [tid=000]     Cross-Correlation factor: 0.633688
12:05:42 [ INFO  ] cr2res_wave_xcorr: [tid=000]   Pass #2 : Degree 3 / Error 0.25 nm (65.9539 pix) / 10 samples -> 10000 Polys
12:05:43 [ INFO  ] cr2res_wave_xcorr: [tid=000]     Cross-Correlation factor: 0.664182
12:05:43 [ INFO  ] cr2res_wave_apply: [tid=000]   Process Order 9/Trace 1
12:05:43 [ INFO  ] cr2res_wave_xcorr: [tid=000]   Wl Range Input : 1118.48 - 1126.08
12:05:43 [ INFO  ] cr2res_wave_xcorr: [tid=000]   Low Frequency removal from spectrum
12:05:43 [ INFO  ] cr2res_wave_xcorr: [tid=000]   Pass #1 : Degree 2 / Error 0.5 nm (134.613 pix) / 30 samples -> 27000 polynomials
12:05:44 [ INFO  ] cr2res_wave_xcorr: [tid=000]     Cross-Correlation factor: 0.221242
12:05:44 [ INFO  ] cr2res_wave_xcorr: [tid=000]   Pass #2 : Degree 3 / Error 0.25 nm (67.3064 pix) / 10 samples -> 10000 Polys
12:05:45 [ INFO  ] cr2res_wave_xcorr: [tid=000]     Cross-Correlation factor: 0.221242
12:05:45 [ INFO  ] cr2res_wave_apply: [tid=000]   Process Order 9/Trace 2
12:05:45 [ INFO  ] cr2res_wave_xcorr: [tid=000]   Wl Range Input : 1118.48 - 1126.08
12:05:45 [ INFO  ] cr2res_wave_xcorr: [tid=000]   Low Frequency removal from spectrum
12:05:45 [ INFO  ] cr2res_wave_xcorr: [tid=000]   Pass #1 : Degree 2 / Error 0.5 nm (134.613 pix) / 30 samples -> 27000 polynomials
12:05:46 [ INFO  ] cr2res_wave_xcorr: [tid=000]     Cross-Correlation factor: 0.203971
12:05:46 [ INFO  ] cr2res_wave_xcorr: [tid=000]   Pass #2 : Degree 3 / Error 0.25 nm (67.3064 pix) / 10 samples -> 10000 Polys
12:05:46 [ INFO  ] cr2res_wave_xcorr: [tid=000]     Cross-Correlation factor: 0.208252
12:05:46 [ INFO  ] cr2res_wave_apply: [tid=000]   Process Order 9/Trace 3
12:05:46 [ INFO  ] cr2res_wave_xcorr: [tid=000]   Wl Range Input : 1118.48 - 1126.08
12:05:46 [ INFO  ] cr2res_wave_xcorr: [tid=000]   Low Frequency removal from spectrum
12:05:46 [ INFO  ] cr2res_wave_xcorr: [tid=000]   Pass #1 : Degree 2 / Error 0.5 nm (134.613 pix) / 30 samples -> 27000 polynomials
12:05:48 [ INFO  ] cr2res_wave_xcorr: [tid=000]     Cross-Correlation factor: 0.204732
12:05:48 [ INFO  ] cr2res_wave_xcorr: [tid=000]   Pass #2 : Degree 3 / Error 0.25 nm (67.3064 pix) / 10 samples -> 10000 Polys
12:05:48 [ INFO  ] cr2res_wave_xcorr: [tid=000]     Cross-Correlation factor: 0.209554
12:05:48 [ INFO  ] cr2res_wave_apply: [tid=000]   Process Order 9/Trace 4
12:05:48 [ INFO  ] cr2res_wave_xcorr: [tid=000]   Wl Range Input : 1118.48 - 1126.08
12:05:48 [ INFO  ] cr2res_wave_xcorr: [tid=000]   Low Frequency removal from spectrum
12:05:48 [ INFO  ] cr2res_wave_xcorr: [tid=000]   Pass #1 : Degree 2 / Error 0.5 nm (134.613 pix) / 30 samples -> 27000 polynomials
12:05:49 [ INFO  ] cr2res_wave_xcorr: [tid=000]     Cross-Correlation factor: 0.209713
12:05:49 [ INFO  ] cr2res_wave_xcorr: [tid=000]   Pass #2 : Degree 3 / Error 0.25 nm (67.3064 pix) / 10 samples -> 10000 Polys
12:05:50 [ INFO  ] cr2res_wave_xcorr: [tid=000]     Cross-Correlation factor: 0.214553
12:05:50 [ INFO  ] cr2res_wave_apply: [tid=000]   Process Order 9/Trace 5
12:05:50 [ INFO  ] cr2res_wave_xcorr: [tid=000]   Wl Range Input : 1118.48 - 1126.08
12:05:50 [ INFO  ] cr2res_wave_xcorr: [tid=000]   Low Frequency removal from spectrum
12:05:50 [ INFO  ] cr2res_wave_xcorr: [tid=000]   Pass #1 : Degree 2 / Error 0.5 nm (134.613 pix) / 30 samples -> 27000 polynomials
12:05:51 [ INFO  ] cr2res_wave_xcorr: [tid=000]     Cross-Correlation factor: 0.206497
12:05:51 [ INFO  ] cr2res_wave_xcorr: [tid=000]   Pass #2 : Degree 3 / Error 0.25 nm (67.3064 pix) / 10 samples -> 10000 Polys
12:05:51 [ INFO  ] cr2res_wave_xcorr: [tid=000]     Cross-Correlation factor: 0.210872
12:05:51 [ INFO  ] cr2res_wave_apply: [tid=000]   Process Order 9/Trace 6
12:05:51 [ INFO  ] cr2res_wave_xcorr: [tid=000]   Wl Range Input : 1118.48 - 1126.08
12:05:51 [ INFO  ] cr2res_wave_xcorr: [tid=000]   Low Frequency removal from spectrum
12:05:51 [ INFO  ] cr2res_wave_xcorr: [tid=000]   Pass #1 : Degree 2 / Error 0.5 nm (134.613 pix) / 30 samples -> 27000 polynomials
12:05:52 [ INFO  ] cr2res_wave_xcorr: [tid=000]     Cross-Correlation factor: 0.0665596
12:05:52 [ INFO  ] cr2res_wave_xcorr: [tid=000]   Pass #2 : Degree 3 / Error 0.25 nm (67.3064 pix) / 10 samples -> 10000 Polys
12:05:53 [ INFO  ] cr2res_wave_xcorr: [tid=000]     Cross-Correlation factor: 0.0888857
12:05:53 [ INFO  ] cr2res_cal_wave: [tid=000] Process detector number 2
12:05:54 [ INFO  ] cr2res_cal_wave_reduce: [tid=000]   Collapse the input frames
12:05:54 [ INFO  ] cr2res_cal_wave_reduce: [tid=000]   Load the TRACE WAVE
12:05:54 [ INFO  ] cr2res_cal_wave_reduce: [tid=000]   Spectra Extraction
12:05:54 [ INFO  ] cr2res_extract_traces: [tid=000]   Process Order 1/Trace 1
12:05:59 [ INFO  ] cr2res_extract_traces: [tid=000]   Process Order 2/Trace 1
12:06:07 [ INFO  ] cr2res_extract_traces: [tid=000]   Process Order 3/Trace 1
12:06:16 [ INFO  ] cr2res_extract_traces: [tid=000]   Process Order 4/Trace 1
12:06:24 [ INFO  ] cr2res_extract_traces: [tid=000]   Process Order 5/Trace 1
12:06:31 [ INFO  ] cr2res_extract_traces: [tid=000]   Process Order 6/Trace 1
12:06:38 [ INFO  ] cr2res_extract_traces: [tid=000]   Process Order 7/Trace 1
12:06:44 [ INFO  ] cr2res_extract_traces: [tid=000]   Process Order 8/Trace 1
12:06:50 [ INFO  ] cr2res_extract_traces: [tid=000]   Process Order 9/Trace 1
12:06:56 [ INFO  ] cr2res_extract_traces: [tid=000]   Process Order 9/Trace 2
12:07:02 [ INFO  ] cr2res_extract_traces: [tid=000]   Process Order 9/Trace 3
12:07:02 [WARNING] cr2res_trace_compute_height: [tid=000]     Stdev of extraction height is large: 12.0
12:07:07 [ INFO  ] cr2res_extract_traces: [tid=000]   Process Order 9/Trace 4
12:07:08 [ INFO  ] cr2res_cal_wave_reduce: [tid=000]   Compute the Wavelength
12:07:08 [ INFO  ] cr2res_wave_apply: [tid=000]   Retrieve Order 1/Trace 1 Spectrum
12:07:08 [ INFO  ] cr2res_wave_apply: [tid=000]   Retrieve Order 2/Trace 1 Spectrum
12:07:08 [ INFO  ] cr2res_wave_apply: [tid=000]   Retrieve Order 3/Trace 1 Spectrum
12:07:08 [ INFO  ] cr2res_wave_apply: [tid=000]   Retrieve Order 4/Trace 1 Spectrum
12:07:08 [ INFO  ] cr2res_wave_apply: [tid=000]   Retrieve Order 5/Trace 1 Spectrum
12:07:08 [ INFO  ] cr2res_wave_apply: [tid=000]   Retrieve Order 6/Trace 1 Spectrum
12:07:08 [ INFO  ] cr2res_wave_apply: [tid=000]   Retrieve Order 7/Trace 1 Spectrum
12:07:08 [ INFO  ] cr2res_wave_apply: [tid=000]   Retrieve Order 8/Trace 1 Spectrum
12:07:08 [ INFO  ] cr2res_wave_apply: [tid=000]   Retrieve Order 9/Trace 1 Spectrum
12:07:08 [ INFO  ] cr2res_wave_apply: [tid=000]   Retrieve Order 9/Trace 2 Spectrum
12:07:08 [ INFO  ] cr2res_wave_apply: [tid=000]   Retrieve Order 9/Trace 3 Spectrum
12:07:08 [ INFO  ] cr2res_wave_apply: [tid=000]   Retrieve Order 9/Trace 4 Spectrum
12:07:08 [ INFO  ] cr2res_wave_apply: [tid=000]   Process Order 1/Trace 1
12:07:08 [ INFO  ] cr2res_wave_xcorr: [tid=000]   Wl Range Input : 1340.82 - 1349.46
12:07:08 [ INFO  ] cr2res_wave_xcorr: [tid=000]   Low Frequency removal from spectrum
12:07:08 [ INFO  ] cr2res_wave_xcorr: [tid=000]   Pass #1 : Degree 2 / Error 0.5 nm (118.573 pix) / 30 samples -> 27000 polynomials
12:07:11 [ INFO  ] cr2res_wave_xcorr: [tid=000]     Cross-Correlation factor: 0.944395
12:07:11 [ INFO  ] cr2res_wave_xcorr: [tid=000]   Pass #2 : Degree 3 / Error 0.25 nm (59.2867 pix) / 10 samples -> 10000 Polys
12:07:12 [ INFO  ] cr2res_wave_xcorr: [tid=000]     Cross-Correlation factor: 0.945333
12:07:12 [ INFO  ] cr2res_wave_apply: [tid=000]   Process Order 2/Trace 1
12:07:12 [ INFO  ] cr2res_wave_xcorr: [tid=000]   Wl Range Input : 1309.73 - 1318.17
12:07:12 [ INFO  ] cr2res_wave_xcorr: [tid=000]   Low Frequency removal from spectrum
12:07:12 [ INFO  ] cr2res_wave_xcorr: [tid=000]   Pass #1 : Degree 2 / Error 0.5 nm (121.413 pix) / 30 samples -> 27000 polynomials
12:07:15 [ INFO  ] cr2res_wave_xcorr: [tid=000]     Cross-Correlation factor: 0.411206
12:07:15 [ INFO  ] cr2res_wave_xcorr: [tid=000]   Pass #2 : Degree 3 / Error 0.25 nm (60.7067 pix) / 10 samples -> 10000 Polys
12:07:16 [ INFO  ] cr2res_wave_xcorr: [tid=000]     Cross-Correlation factor: 0.412083
12:07:16 [ INFO  ] cr2res_wave_apply: [tid=000]   Process Order 3/Trace 1
12:07:16 [ INFO  ] cr2res_wave_xcorr: [tid=000]   Wl Range Input : 1280.04 - 1288.28
12:07:16 [ INFO  ] cr2res_wave_xcorr: [tid=000]   Low Frequency removal from spectrum
12:07:16 [ INFO  ] cr2res_wave_xcorr: [tid=000]   Pass #1 : Degree 2 / Error 0.5 nm (124.257 pix) / 30 samples -> 27000 polynomials
12:07:18 [ INFO  ] cr2res_wave_xcorr: [tid=000]     Cross-Correlation factor: 0.76769
12:07:18 [ INFO  ] cr2res_wave_xcorr: [tid=000]   Pass #2 : Degree 3 / Error 0.25 nm (62.1284 pix) / 10 samples -> 10000 Polys
12:07:19 [ INFO  ] cr2res_wave_xcorr: [tid=000]     Cross-Correlation factor: 0.76769
12:07:19 [ INFO  ] cr2res_wave_apply: [tid=000]   Process Order 4/Trace 1
12:07:19 [ INFO  ] cr2res_wave_xcorr: [tid=000]   Wl Range Input : 1251.65 - 1259.71
12:07:19 [ INFO  ] cr2res_wave_xcorr: [tid=000]   Low Frequency removal from spectrum
12:07:19 [ INFO  ] cr2res_wave_xcorr: [tid=000]   Pass #1 : Degree 2 / Error 0.5 nm (127.079 pix) / 30 samples -> 27000 polynomials
12:07:22 [ INFO  ] cr2res_wave_xcorr: [tid=000]     Cross-Correlation factor: 0.28273
12:07:22 [ INFO  ] cr2res_wave_xcorr: [tid=000]   Pass #2 : Degree 3 / Error 0.25 nm (63.5393 pix) / 10 samples -> 10000 Polys
12:07:23 [ INFO  ] cr2res_wave_xcorr: [tid=000]     Cross-Correlation factor: 0.28273
12:07:23 [ INFO  ] cr2res_wave_apply: [tid=000]   Process Order 5/Trace 1
12:07:23 [ INFO  ] cr2res_wave_xcorr: [tid=000]   Wl Range Input : 1224.49 - 1232.37
12:07:23 [ INFO  ] cr2res_wave_xcorr: [tid=000]   Low Frequency removal from spectrum
12:07:23 [ INFO  ] cr2res_wave_xcorr: [tid=000]   Pass #1 : Degree 2 / Error 0.5 nm (129.916 pix) / 30 samples -> 27000 polynomials
12:07:25 [ INFO  ] cr2res_wave_xcorr: [tid=000]     Cross-Correlation factor: 0.875773
12:07:25 [ INFO  ] cr2res_wave_xcorr: [tid=000]   Pass #2 : Degree 3 / Error 0.25 nm (64.9581 pix) / 10 samples -> 10000 Polys
12:07:26 [ INFO  ] cr2res_wave_xcorr: [tid=000]     Cross-Correlation factor: 0.879169
12:07:26 [ INFO  ] cr2res_wave_apply: [tid=000]   Process Order 6/Trace 1
12:07:26 [ INFO  ] cr2res_wave_xcorr: [tid=000]   Wl Range Input : 1198.47 - 1206.18
12:07:26 [ INFO  ] cr2res_wave_xcorr: [tid=000]   Low Frequency removal from spectrum
12:07:26 [ INFO  ] cr2res_wave_xcorr: [tid=000]   Pass #1 : Degree 2 / Error 0.5 nm (132.763 pix) / 30 samples -> 27000 polynomials
12:07:29 [ INFO  ] cr2res_wave_xcorr: [tid=000]     Cross-Correlation factor: 0.457846
12:07:29 [ INFO  ] cr2res_wave_xcorr: [tid=000]   Pass #2 : Degree 3 / Error 0.25 nm (66.3814 pix) / 10 samples -> 10000 Polys
12:07:30 [ INFO  ] cr2res_wave_xcorr: [tid=000]     Cross-Correlation factor: 0.466456
12:07:30 [ INFO  ] cr2res_wave_apply: [tid=000]   Process Order 7/Trace 1
12:07:30 [ INFO  ] cr2res_wave_xcorr: [tid=000]   Wl Range Input : 1173.52 - 1181.08
12:07:30 [ INFO  ] cr2res_wave_xcorr: [tid=000]   Low Frequency removal from spectrum
12:07:30 [ INFO  ] cr2res_wave_xcorr: [tid=000]   Pass #1 : Degree 2 / Error 0.5 nm (135.611 pix) / 30 samples -> 27000 polynomials
12:07:33 [ INFO  ] cr2res_wave_xcorr: [tid=000]     Cross-Correlation factor: 0.0814063
12:07:33 [ INFO  ] cr2res_wave_xcorr: [tid=000]   Pass #2 : Degree 3 / Error 0.25 nm (67.8056 pix) / 10 samples -> 10000 Polys
12:07:34 [ INFO  ] cr2res_wave_xcorr: [tid=000]     Cross-Correlation factor: 0.0814063
12:07:34 [ INFO  ] cr2res_wave_apply: [tid=000]   Process Order 8/Trace 1
12:07:34 [ INFO  ] cr2res_wave_xcorr: [tid=000]   Wl Range Input : 1149.59 - 1156.99
12:07:34 [ INFO  ] cr2res_wave_xcorr: [tid=000]   Low Frequency removal from spectrum
12:07:34 [ INFO  ] cr2res_wave_xcorr: [tid=000]   Pass #1 : Degree 2 / Error 0.5 nm (138.435 pix) / 30 samples -> 27000 polynomials
12:07:36 [ INFO  ] cr2res_wave_xcorr: [tid=000]     Cross-Correlation factor: 0.104332
12:07:36 [ INFO  ] cr2res_wave_xcorr: [tid=000]   Pass #2 : Degree 3 / Error 0.25 nm (69.2173 pix) / 10 samples -> 10000 Polys
12:07:37 [ INFO  ] cr2res_wave_xcorr: [tid=000]     Cross-Correlation factor: 0.110216
12:07:37 [ INFO  ] cr2res_wave_apply: [tid=000]   Process Order 9/Trace 1
12:07:37 [ INFO  ] cr2res_wave_xcorr: [tid=000]   Wl Range Input : 1126.61 - 1133.85
12:07:37 [ INFO  ] cr2res_wave_xcorr: [tid=000]   Low Frequency removal from spectrum
12:07:37 [ INFO  ] cr2res_wave_xcorr: [tid=000]   Pass #1 : Degree 2 / Error 0.5 nm (141.3 pix) / 30 samples -> 27000 polynomials
12:07:39 [ INFO  ] cr2res_wave_xcorr: [tid=000]     Cross-Correlation factor: 0.979734
12:07:39 [ INFO  ] cr2res_wave_xcorr: [tid=000]   Pass #2 : Degree 3 / Error 0.25 nm (70.6499 pix) / 10 samples -> 10000 Polys
12:07:39 [ INFO  ] cr2res_wave_xcorr: [tid=000]     Cross-Correlation factor: 0.980078
12:07:39 [ INFO  ] cr2res_wave_apply: [tid=000]   Process Order 9/Trace 2
12:07:39 [ INFO  ] cr2res_wave_xcorr: [tid=000]   Wl Range Input : 1126.61 - 1133.85
12:07:39 [ INFO  ] cr2res_wave_xcorr: [tid=000]   Low Frequency removal from spectrum
12:07:39 [ INFO  ] cr2res_wave_xcorr: [tid=000]   Pass #1 : Degree 2 / Error 0.5 nm (141.3 pix) / 30 samples -> 27000 polynomials
12:07:41 [ INFO  ] cr2res_wave_xcorr: [tid=000]     Cross-Correlation factor: 0.979716
12:07:41 [ INFO  ] cr2res_wave_xcorr: [tid=000]   Pass #2 : Degree 3 / Error 0.25 nm (70.6499 pix) / 10 samples -> 10000 Polys
12:07:42 [ INFO  ] cr2res_wave_xcorr: [tid=000]     Cross-Correlation factor: 0.980062
12:07:42 [ INFO  ] cr2res_wave_apply: [tid=000]   Process Order 9/Trace 3
12:07:42 [ INFO  ] cr2res_wave_xcorr: [tid=000]   Wl Range Input : 1126.61 - 1133.85
12:07:42 [ INFO  ] cr2res_wave_xcorr: [tid=000]   Low Frequency removal from spectrum
12:07:42 [ INFO  ] cr2res_wave_xcorr: [tid=000]   Pass #1 : Degree 2 / Error 0.5 nm (141.3 pix) / 30 samples -> 27000 polynomials
12:07:43 [ INFO  ] cr2res_wave_xcorr: [tid=000]     Cross-Correlation factor: 0.979598
12:07:43 [ INFO  ] cr2res_wave_xcorr: [tid=000]   Pass #2 : Degree 3 / Error 0.25 nm (70.6499 pix) / 10 samples -> 10000 Polys
12:07:44 [ INFO  ] cr2res_wave_xcorr: [tid=000]     Cross-Correlation factor: 0.979983
12:07:44 [ INFO  ] cr2res_wave_apply: [tid=000]   Process Order 9/Trace 4
12:07:44 [ INFO  ] cr2res_wave_xcorr: [tid=000]   Wl Range Input : 1126.61 - 1133.85
12:07:44 [ INFO  ] cr2res_wave_xcorr: [tid=000]   Low Frequency removal from spectrum
12:07:44 [ INFO  ] cr2res_wave_xcorr: [tid=000]   Pass #1 : Degree 2 / Error 0.5 nm (141.3 pix) / 30 samples -> 27000 polynomials
12:07:45 [ INFO  ] cr2res_wave_xcorr: [tid=000]     Cross-Correlation factor: 0.0401661
12:07:45 [ INFO  ] cr2res_wave_xcorr: [tid=000]   Pass #2 : Degree 3 / Error 0.25 nm (70.6499 pix) / 10 samples -> 10000 Polys
12:07:46 [ INFO  ] cr2res_wave_xcorr: [tid=000]     Cross-Correlation factor: 0.044624
12:07:46 [ INFO  ] cr2res_cal_wave: [tid=000] Process detector number 3
12:07:47 [ INFO  ] cr2res_cal_wave_reduce: [tid=000]   Collapse the input frames
12:07:47 [ INFO  ] cr2res_cal_wave_reduce: [tid=000]   Load the TRACE WAVE
12:07:47 [ INFO  ] cr2res_cal_wave_reduce: [tid=000]   Spectra Extraction
12:07:47 [ INFO  ] cr2res_extract_traces: [tid=000]   Process Order 1/Trace 1
12:07:51 [ INFO  ] cr2res_extract_traces: [tid=000]   Process Order 1/Trace 2
12:07:55 [ INFO  ] cr2res_extract_traces: [tid=000]   Process Order 2/Trace 1
12:08:03 [ INFO  ] cr2res_extract_traces: [tid=000]   Process Order 3/Trace 1
12:08:10 [ INFO  ] cr2res_extract_traces: [tid=000]   Process Order 4/Trace 1
12:08:18 [ INFO  ] cr2res_extract_traces: [tid=000]   Process Order 5/Trace 1
12:08:26 [ INFO  ] cr2res_extract_traces: [tid=000]   Process Order 6/Trace 1
12:08:33 [ INFO  ] cr2res_extract_traces: [tid=000]   Process Order 7/Trace 1
12:08:40 [ INFO  ] cr2res_extract_traces: [tid=000]   Process Order 8/Trace 1
12:08:46 [ INFO  ] cr2res_extract_traces: [tid=000]   Process Order 9/Trace 1
12:08:53 [ INFO  ] cr2res_extract_traces: [tid=000]   Process Order 9/Trace 2
12:08:53 [WARNING] cr2res_trace_compute_height: [tid=000]     Stdev of extraction height is large: 156.3
12:08:57 [ INFO  ] cr2res_extract_traces: [tid=000]   Process Order 9/Trace 3
12:08:57 [WARNING] cr2res_trace_compute_height: [tid=000]     Stdev of extraction height is large: 80.9
12:09:12 [ INFO  ] cr2res_extract_traces: [tid=000]   Process Order 9/Trace 4
12:09:12 [WARNING] cr2res_trace_compute_height: [tid=000]     Stdev of extraction height is large: 12.0
12:09:13 [ INFO  ] cr2res_cal_wave_reduce: [tid=000]   Compute the Wavelength
12:09:13 [ INFO  ] cr2res_wave_apply: [tid=000]   Retrieve Order 1/Trace 1 Spectrum
12:09:13 [ INFO  ] cr2res_wave_apply: [tid=000]   Retrieve Order 1/Trace 2 Spectrum
12:09:13 [ INFO  ] cr2res_wave_apply: [tid=000]   Retrieve Order 2/Trace 1 Spectrum
12:09:13 [ INFO  ] cr2res_wave_apply: [tid=000]   Retrieve Order 3/Trace 1 Spectrum
12:09:13 [ INFO  ] cr2res_wave_apply: [tid=000]   Retrieve Order 4/Trace 1 Spectrum
12:09:13 [ INFO  ] cr2res_wave_apply: [tid=000]   Retrieve Order 5/Trace 1 Spectrum
12:09:13 [ INFO  ] cr2res_wave_apply: [tid=000]   Retrieve Order 6/Trace 1 Spectrum
12:09:13 [ INFO  ] cr2res_wave_apply: [tid=000]   Retrieve Order 7/Trace 1 Spectrum
12:09:13 [ INFO  ] cr2res_wave_apply: [tid=000]   Retrieve Order 8/Trace 1 Spectrum
12:09:13 [ INFO  ] cr2res_wave_apply: [tid=000]   Retrieve Order 9/Trace 1 Spectrum
12:09:13 [ INFO  ] cr2res_wave_apply: [tid=000]   Retrieve Order 9/Trace 2 Spectrum
12:09:13 [ INFO  ] cr2res_wave_apply: [tid=000]   Retrieve Order 9/Trace 3 Spectrum
12:09:13 [ INFO  ] cr2res_wave_apply: [tid=000]   Retrieve Order 9/Trace 4 Spectrum
12:09:13 [ INFO  ] cr2res_wave_apply: [tid=000]   Process Order 1/Trace 1
12:09:13 [ INFO  ] cr2res_wave_xcorr: [tid=000]   Wl Range Input : 1350.06 - 1358.26
12:09:13 [ INFO  ] cr2res_wave_xcorr: [tid=000]   Low Frequency removal from spectrum
12:09:13 [ INFO  ] cr2res_wave_xcorr: [tid=000]   Pass #1 : Degree 2 / Error 0.5 nm (124.848 pix) / 30 samples -> 27000 polynomials
12:09:15 [ INFO  ] cr2res_wave_xcorr: [tid=000]     Cross-Correlation factor: 0.680956
12:09:15 [ INFO  ] cr2res_wave_xcorr: [tid=000]   Pass #2 : Degree 3 / Error 0.25 nm (62.4238 pix) / 10 samples -> 10000 Polys
12:09:15 [ INFO  ] cr2res_wave_xcorr: [tid=000]     Cross-Correlation factor: 0.686171
12:09:15 [ INFO  ] cr2res_wave_apply: [tid=000]   Process Order 1/Trace 2
12:09:15 [ INFO  ] cr2res_wave_xcorr: [tid=000]   Wl Range Input : 1350.06 - 1358.26
12:09:15 [ INFO  ] cr2res_wave_xcorr: [tid=000]   Low Frequency removal from spectrum
12:09:15 [ INFO  ] cr2res_wave_xcorr: [tid=000]   Pass #1 : Degree 2 / Error 0.5 nm (124.848 pix) / 30 samples -> 27000 polynomials
12:09:17 [ INFO  ] cr2res_wave_xcorr: [tid=000]     Cross-Correlation factor: 0.68582
12:09:17 [ INFO  ] cr2res_wave_xcorr: [tid=000]   Pass #2 : Degree 3 / Error 0.25 nm (62.4238 pix) / 10 samples -> 10000 Polys
12:09:18 [ INFO  ] cr2res_wave_xcorr: [tid=000]     Cross-Correlation factor: 0.688407
12:09:18 [ INFO  ] cr2res_wave_apply: [tid=000]   Process Order 2/Trace 1
12:09:18 [ INFO  ] cr2res_wave_xcorr: [tid=000]   Wl Range Input : 1318.76 - 1326.77
12:09:18 [ INFO  ] cr2res_wave_xcorr: [tid=000]   Low Frequency removal from spectrum
12:09:18 [ INFO  ] cr2res_wave_xcorr: [tid=000]   Pass #1 : Degree 2 / Error 0.5 nm (127.84 pix) / 30 samples -> 27000 polynomials
12:09:20 [ INFO  ] cr2res_wave_xcorr: [tid=000]     Cross-Correlation factor: 0.567537
12:09:20 [ INFO  ] cr2res_wave_xcorr: [tid=000]   Pass #2 : Degree 3 / Error 0.25 nm (63.9201 pix) / 10 samples -> 10000 Polys
12:09:21 [ INFO  ] cr2res_wave_xcorr: [tid=000]     Cross-Correlation factor: 0.707847
12:09:21 [ INFO  ] cr2res_wave_apply: [tid=000]   Process Order 3/Trace 1
12:09:21 [ INFO  ] cr2res_wave_xcorr: [tid=000]   Wl Range Input : 1288.86 - 1296.69
12:09:21 [ INFO  ] cr2res_wave_xcorr: [tid=000]   Low Frequency removal from spectrum
12:09:21 [ INFO  ] cr2res_wave_xcorr: [tid=000]   Pass #1 : Degree 2 / Error 0.5 nm (130.812 pix) / 30 samples -> 27000 polynomials
12:09:23 [ INFO  ] cr2res_wave_xcorr: [tid=000]     Cross-Correlation factor: 0.685848
12:09:23 [ INFO  ] cr2res_wave_xcorr: [tid=000]   Pass #2 : Degree 3 / Error 0.25 nm (65.4062 pix) / 10 samples -> 10000 Polys
12:09:24 [ INFO  ] cr2res_wave_xcorr: [tid=000]     Cross-Correlation factor: 0.688543
12:09:24 [ INFO  ] cr2res_wave_apply: [tid=000]   Process Order 4/Trace 1
12:09:24 [ INFO  ] cr2res_wave_xcorr: [tid=000]   Wl Range Input : 1260.28 - 1267.93
12:09:24 [ INFO  ] cr2res_wave_xcorr: [tid=000]   Low Frequency removal from spectrum
12:09:24 [ INFO  ] cr2res_wave_xcorr: [tid=000]   Pass #1 : Degree 2 / Error 0.5 nm (133.804 pix) / 30 samples -> 27000 polynomials
12:09:26 [ INFO  ] cr2res_wave_xcorr: [tid=000]     Cross-Correlation factor: 0.289839
12:09:26 [ INFO  ] cr2res_wave_xcorr: [tid=000]   Pass #2 : Degree 3 / Error 0.25 nm (66.9019 pix) / 10 samples -> 10000 Polys
12:09:28 [ INFO  ] cr2res_wave_xcorr: [tid=000]     Cross-Correlation factor: 0.291557
12:09:28 [ INFO  ] cr2res_wave_apply: [tid=000]   Process Order 5/Trace 1
12:09:28 [ INFO  ] cr2res_wave_xcorr: [tid=000]   Wl Range Input : 1232.92 - 1240.41
12:09:28 [ INFO  ] cr2res_wave_xcorr: [tid=000]   Low Frequency removal from spectrum
12:09:28 [ INFO  ] cr2res_wave_xcorr: [tid=000]   Pass #1 : Degree 2 / Error 0.5 nm (136.807 pix) / 30 samples -> 27000 polynomials
12:09:30 [ INFO  ] cr2res_wave_xcorr: [tid=000]     Cross-Correlation factor: 0.68999
12:09:30 [ INFO  ] cr2res_wave_xcorr: [tid=000]   Pass #2 : Degree 3 / Error 0.25 nm (68.4035 pix) / 10 samples -> 10000 Polys
12:09:31 [ INFO  ] cr2res_wave_xcorr: [tid=000]     Cross-Correlation factor: 0.68999
12:09:31 [ INFO  ] cr2res_wave_apply: [tid=000]   Process Order 6/Trace 1
12:09:31 [ INFO  ] cr2res_wave_xcorr: [tid=000]   Wl Range Input : 1206.72 - 1214.05
12:09:31 [ INFO  ] cr2res_wave_xcorr: [tid=000]   Low Frequency removal from spectrum
12:09:31 [ INFO  ] cr2res_wave_xcorr: [tid=000]   Pass #1 : Degree 2 / Error 0.5 nm (139.795 pix) / 30 samples -> 27000 polynomials
12:09:34 [ INFO  ] cr2res_wave_xcorr: [tid=000]     Cross-Correlation factor: 0.711491
12:09:34 [ INFO  ] cr2res_wave_xcorr: [tid=000]   Pass #2 : Degree 3 / Error 0.25 nm (69.8976 pix) / 10 samples -> 10000 Polys
12:09:35 [ INFO  ] cr2res_wave_xcorr: [tid=000]     Cross-Correlation factor: 0.711917
12:09:35 [ INFO  ] cr2res_wave_apply: [tid=000]   Process Order 7/Trace 1
12:09:35 [ INFO  ] cr2res_wave_xcorr: [tid=000]   Wl Range Input : 1181.61 - 1188.78
12:09:35 [ INFO  ] cr2res_wave_xcorr: [tid=000]   Low Frequency removal from spectrum
12:09:35 [ INFO  ] cr2res_wave_xcorr: [tid=000]   Pass #1 : Degree 2 / Error 0.5 nm (142.777 pix) / 30 samples -> 27000 polynomials
12:09:38 [ INFO  ] cr2res_wave_xcorr: [tid=000]     Cross-Correlation factor: 0.868679
12:09:38 [ INFO  ] cr2res_wave_xcorr: [tid=000]   Pass #2 : Degree 3 / Error 0.25 nm (71.3887 pix) / 10 samples -> 10000 Polys
12:09:39 [ INFO  ] cr2res_wave_xcorr: [tid=000]     Cross-Correlation factor: 0.86873
12:09:39 [ INFO  ] cr2res_wave_apply: [tid=000]   Process Order 8/Trace 1
12:09:39 [ INFO  ] cr2res_wave_xcorr: [tid=000]   Wl Range Input : 1157.51 - 1164.53
12:09:39 [ INFO  ] cr2res_wave_xcorr: [tid=000]   Low Frequency removal from spectrum
12:09:39 [ INFO  ] cr2res_wave_xcorr: [tid=000]   Pass #1 : Degree 2 / Error 0.5 nm (145.765 pix) / 30 samples -> 27000 polynomials
12:09:41 [ INFO  ] cr2res_wave_xcorr: [tid=000]     Cross-Correlation factor: 0.0846842
12:09:41 [ INFO  ] cr2res_wave_xcorr: [tid=000]   Pass #2 : Degree 3 / Error 0.25 nm (72.8826 pix) / 10 samples -> 10000 Polys
12:09:42 [ INFO  ] cr2res_wave_xcorr: [tid=000]     Cross-Correlation factor: 0.0846842
12:09:42 [ INFO  ] cr2res_wave_apply: [tid=000]   Process Order 9/Trace 1
12:09:42 [ INFO  ] cr2res_wave_xcorr: [tid=000]   Wl Range Input : 1134.37 - 1141.25
12:09:42 [ INFO  ] cr2res_wave_xcorr: [tid=000]   Low Frequency removal from spectrum
12:09:42 [ INFO  ] cr2res_wave_xcorr: [tid=000]   Pass #1 : Degree 2 / Error 0.5 nm (148.772 pix) / 30 samples -> 27000 polynomials
12:09:44 [ INFO  ] cr2res_wave_xcorr: [tid=000]     Cross-Correlation factor: 0.313877
12:09:44 [ INFO  ] cr2res_wave_xcorr: [tid=000]   Pass #2 : Degree 3 / Error 0.25 nm (74.3862 pix) / 10 samples -> 10000 Polys
12:09:44 [ INFO  ] cr2res_wave_xcorr: [tid=000]     Cross-Correlation factor: 0.31516
12:09:44 [ INFO  ] cr2res_wave_apply: [tid=000]   Process Order 9/Trace 2
12:09:44 [ INFO  ] cr2res_wave_xcorr: [tid=000]   Wl Range Input : 1134.37 - 1141.25
12:09:44 [ INFO  ] cr2res_wave_xcorr: [tid=000]   Low Frequency removal from spectrum
12:09:44 [ INFO  ] cr2res_wave_xcorr: [tid=000]   Pass #1 : Degree 2 / Error 0.5 nm (148.772 pix) / 30 samples -> 27000 polynomials
12:09:46 [ INFO  ] cr2res_wave_xcorr: [tid=000]     Cross-Correlation factor: 0.34274
12:09:46 [ INFO  ] cr2res_wave_xcorr: [tid=000]   Pass #2 : Degree 3 / Error 0.25 nm (74.3862 pix) / 10 samples -> 10000 Polys
12:09:47 [ INFO  ] cr2res_wave_xcorr: [tid=000]     Cross-Correlation factor: 0.344973
12:09:47 [ INFO  ] cr2res_wave_apply: [tid=000]   Process Order 9/Trace 3
12:09:47 [ INFO  ] cr2res_wave_xcorr: [tid=000]   Wl Range Input : 1134.37 - 1141.25
12:09:47 [ INFO  ] cr2res_wave_xcorr: [tid=000]   Low Frequency removal from spectrum
12:09:47 [ INFO  ] cr2res_wave_xcorr: [tid=000]   Pass #1 : Degree 2 / Error 0.5 nm (148.772 pix) / 30 samples -> 27000 polynomials
12:09:48 [ INFO  ] cr2res_wave_xcorr: [tid=000]     Cross-Correlation factor: 0.31094
12:09:48 [ INFO  ] cr2res_wave_xcorr: [tid=000]   Pass #2 : Degree 3 / Error 0.25 nm (74.3862 pix) / 10 samples -> 10000 Polys
12:09:49 [ INFO  ] cr2res_wave_xcorr: [tid=000]     Cross-Correlation factor: 0.313526
12:09:49 [ INFO  ] cr2res_wave_apply: [tid=000]   Process Order 9/Trace 4
12:09:49 [ INFO  ] cr2res_wave_xcorr: [tid=000]   Wl Range Input : 1134.37 - 1141.25
12:09:49 [ INFO  ] cr2res_wave_xcorr: [tid=000]   Low Frequency removal from spectrum
12:09:49 [ INFO  ] cr2res_wave_xcorr: [tid=000]   Pass #1 : Degree 2 / Error 0.5 nm (148.772 pix) / 30 samples -> 27000 polynomials
12:09:51 [ INFO  ] cr2res_wave_xcorr: [tid=000]     Cross-Correlation factor: 0.404311
12:09:51 [ INFO  ] cr2res_wave_xcorr: [tid=000]   Pass #2 : Degree 3 / Error 0.25 nm (74.3862 pix) / 10 samples -> 10000 Polys
12:09:52 [ INFO  ] cr2res_wave_xcorr: [tid=000]     Cross-Correlation factor: 0.404311
12:09:52 [ INFO  ] cpl_dfs_product_save: [tid=000] Writing FITS table product(CAL_WAVE_TW): cr2res_cal_wave_tw.fits
12:09:52 [ INFO  ] cpl_dfs_product_save: [tid=000] Writing FITS propertylist product(CAL_WAVE_MAP): cr2res_cal_wave_map.fits
12:09:52 [ INFO  ] : [tid=000] Calculating product checksums
12:09:52 [ INFO  ] : [tid=000] Created product cr2res_cal_wave_tw.fits (in place)
12:09:52 [ INFO  ] : [tid=000] Created product cr2res_cal_wave_map.fits (in place)
12:09:52 [ INFO  ] : [tid=000] 2 products created
12:09:52 [ INFO  ] : [tid=000] Recipe operation(s) took            358 seconds to complete.
12:09:52 [ INFO  ] : [tid=000] Total size of 5 raw input frames  =   252.82 MB

12:09:52 [ INFO  ] : [tid=000] => processing rate of     0.71 MB/sec 

