
Start time     : 2019-08-02T12:10:09
Program name   : esorex
Severity level : [ INFO  ] 

12:10:09 [ INFO  ] : [tid=000] This is EsoRex, version 3.13.1
12:10:09 [ INFO  ] : [tid=000] using the libraries: CPL = 7.1, CFITSIO = 3.36, WCSLIB = 4.24, FFTW (normal precision) = 3.3.7, FFTW (single precision) = 3.3.7, CPL FLOP counting is unavailable, enable with -DCPL_ADD_FLOPS, OPENMP = 201511
12:10:09 [ INFO  ] : [tid=000] Invocation command line was: esorex --mem-check=TRUE cr2res_cal_flat cr2res_cal_flat.sof
12:10:09 [ INFO  ] cr2res_cal_flat: [tid=000] Process SETTING J_3_3
12:10:09 [ INFO  ] cr2res_cal_flat: [tid=000]   Reduce Open Frames
12:10:09 [ INFO  ] cr2res_cal_flat: [tid=000]     Process Detector 1
12:10:10 [ INFO  ] cr2res_cal_flat_reduce: [tid=000]       Calibrate the input images
12:10:10 [ INFO  ] cr2res_cal_flat_reduce: [tid=000]       Collapse the input images
12:10:10 [ INFO  ] cr2res_cal_flat_reduce: [tid=000]       Compute the traces
12:10:10 [ INFO  ] cr2res_trace: [tid=000]         Detect the signal
12:10:10 [ INFO  ] cr2res_trace: [tid=000]         Traces cleaning
12:10:10 [ INFO  ] cr2res_trace_clean: [tid=000]         Apply Opening to cleanup the traces
12:10:10 [ INFO  ] cr2res_trace_clean: [tid=000]         Remove the small blobs (<= 10000 pixels)
12:10:11 [ INFO  ] cr2res_trace: [tid=000]         Labelise the traces
12:10:11 [ INFO  ] cr2res_trace: [tid=000]         Fit the trace edges
12:10:12 [WARNING] cr2res_trace_add_extra_columns: [tid=000]       Cannot assign slit fraction.
12:10:12 [WARNING] cr2res_trace_add_extra_columns: [tid=000]       Cannot assign slit fraction.
12:10:12 [WARNING] cr2res_trace_add_extra_columns: [tid=000]       Cannot assign slit fraction.
12:10:12 [WARNING] cr2res_trace_add_extra_columns: [tid=000]       Cannot assign slit fraction.
12:10:12 [ INFO  ] cr2res_cal_flat_reduce: [tid=000]       Extract the traces
12:10:12 [ INFO  ] cr2res_cal_flat_reduce: [tid=000]         Process Order 1/Trace 1
12:10:13 [ INFO  ] cr2res_cal_flat_reduce: [tid=000]         Process Order 2/Trace 1
12:10:15 [ INFO  ] cr2res_cal_flat_reduce: [tid=000]         Process Order 3/Trace 1
12:10:17 [ INFO  ] cr2res_cal_flat_reduce: [tid=000]         Process Order 4/Trace 1
12:10:18 [ INFO  ] cr2res_cal_flat_reduce: [tid=000]         Process Order 5/Trace 1
12:10:20 [ INFO  ] cr2res_cal_flat_reduce: [tid=000]         Process Order 6/Trace 1
12:10:21 [ INFO  ] cr2res_cal_flat_reduce: [tid=000]         Process Order 7/Trace 1
12:10:23 [ INFO  ] cr2res_cal_flat_reduce: [tid=000]         Process Order 8/Trace 1
12:10:25 [ INFO  ] cr2res_cal_flat_reduce: [tid=000]         Process Order 9/Trace 1
12:10:26 [ INFO  ] cr2res_cal_flat_reduce: [tid=000]         Process Order 9/Trace 2
12:10:26 [WARNING] cr2res_trace_compute_height: [tid=000]           Stdev of extraction height is large: 211.5
12:10:29 [ INFO  ] cr2res_cal_flat_reduce: [tid=000]         Process Order 9/Trace 3
12:10:30 [ INFO  ] cr2res_cal_flat_reduce: [tid=000]         Process Order 9/Trace 4
12:10:32 [ INFO  ] cr2res_cal_flat_reduce: [tid=000]       Compute the master flat
12:10:32 [ INFO  ] cr2res_cal_flat: [tid=000]     Process Detector 2
12:10:34 [ INFO  ] cr2res_cal_flat_reduce: [tid=000]       Calibrate the input images
12:10:34 [ INFO  ] cr2res_cal_flat_reduce: [tid=000]       Collapse the input images
12:10:34 [ INFO  ] cr2res_cal_flat_reduce: [tid=000]       Compute the traces
12:10:34 [ INFO  ] cr2res_trace: [tid=000]         Detect the signal
12:10:34 [ INFO  ] cr2res_trace: [tid=000]         Traces cleaning
12:10:34 [ INFO  ] cr2res_trace_clean: [tid=000]         Apply Opening to cleanup the traces
12:10:34 [ INFO  ] cr2res_trace_clean: [tid=000]         Remove the small blobs (<= 10000 pixels)
12:10:34 [ INFO  ] cr2res_trace: [tid=000]         Labelise the traces
12:10:35 [ INFO  ] cr2res_trace: [tid=000]         Fit the trace edges
12:10:35 [WARNING] cr2res_trace_add_extra_columns: [tid=000]       Cannot assign slit fraction.
12:10:35 [WARNING] cr2res_trace_add_extra_columns: [tid=000]       Cannot assign slit fraction.
12:10:35 [WARNING] cr2res_trace_add_extra_columns: [tid=000]       Cannot assign slit fraction.
12:10:35 [WARNING] cr2res_trace_add_extra_columns: [tid=000]       Cannot assign slit fraction.
12:10:35 [ INFO  ] cr2res_cal_flat_reduce: [tid=000]       Extract the traces
12:10:35 [ INFO  ] cr2res_cal_flat_reduce: [tid=000]         Process Order 1/Trace 1
12:10:36 [ INFO  ] cr2res_cal_flat_reduce: [tid=000]         Process Order 2/Trace 1
12:10:38 [ INFO  ] cr2res_cal_flat_reduce: [tid=000]         Process Order 3/Trace 1
12:10:40 [ INFO  ] cr2res_cal_flat_reduce: [tid=000]         Process Order 4/Trace 1
12:10:42 [ INFO  ] cr2res_cal_flat_reduce: [tid=000]         Process Order 5/Trace 1
12:10:43 [ INFO  ] cr2res_cal_flat_reduce: [tid=000]         Process Order 6/Trace 1
12:10:45 [ INFO  ] cr2res_cal_flat_reduce: [tid=000]         Process Order 7/Trace 1
12:10:47 [ INFO  ] cr2res_cal_flat_reduce: [tid=000]         Process Order 8/Trace 1
12:10:48 [ INFO  ] cr2res_cal_flat_reduce: [tid=000]         Process Order 9/Trace 1
12:10:50 [ INFO  ] cr2res_cal_flat_reduce: [tid=000]         Process Order 9/Trace 2
12:10:51 [ INFO  ] cr2res_cal_flat_reduce: [tid=000]         Process Order 9/Trace 3
12:10:53 [ INFO  ] cr2res_cal_flat_reduce: [tid=000]         Process Order 9/Trace 4
12:10:53 [WARNING] cr2res_trace_compute_height: [tid=000]           Stdev of extraction height is large: 27.8
12:10:54 [ INFO  ] cr2res_cal_flat_reduce: [tid=000]       Compute the master flat
12:10:54 [ INFO  ] cr2res_cal_flat: [tid=000]     Process Detector 3
12:10:55 [ INFO  ] cr2res_cal_flat_reduce: [tid=000]       Calibrate the input images
12:10:55 [ INFO  ] cr2res_cal_flat_reduce: [tid=000]       Collapse the input images
12:10:55 [ INFO  ] cr2res_cal_flat_reduce: [tid=000]       Compute the traces
12:10:55 [ INFO  ] cr2res_trace: [tid=000]         Detect the signal
12:10:55 [ INFO  ] cr2res_trace: [tid=000]         Traces cleaning
12:10:55 [ INFO  ] cr2res_trace_clean: [tid=000]         Apply Opening to cleanup the traces
12:10:55 [ INFO  ] cr2res_trace_clean: [tid=000]         Remove the small blobs (<= 10000 pixels)
12:10:55 [ INFO  ] cr2res_trace: [tid=000]         Labelise the traces
12:10:55 [ INFO  ] cr2res_trace: [tid=000]         Fit the trace edges
12:10:56 [WARNING] cr2res_trace_add_extra_columns: [tid=000]       Cannot assign slit fraction.
12:10:56 [WARNING] cr2res_trace_add_extra_columns: [tid=000]       Cannot assign slit fraction.
12:10:56 [WARNING] cr2res_trace_add_extra_columns: [tid=000]       Cannot assign slit fraction.
12:10:56 [WARNING] cr2res_trace_add_extra_columns: [tid=000]       Cannot assign slit fraction.
12:10:56 [WARNING] cr2res_trace_add_extra_columns: [tid=000]       Cannot assign slit fraction.
12:10:56 [WARNING] cr2res_trace_add_extra_columns: [tid=000]       Cannot assign slit fraction.
12:10:56 [WARNING] cr2res_trace_add_extra_columns: [tid=000]       Cannot assign slit fraction.
12:10:56 [WARNING] cr2res_trace_add_extra_columns: [tid=000]       Cannot assign slit fraction.
12:10:56 [ INFO  ] cr2res_cal_flat_reduce: [tid=000]       Extract the traces
12:10:56 [ INFO  ] cr2res_cal_flat_reduce: [tid=000]         Process Order 1/Trace 1
12:10:57 [ INFO  ] cr2res_cal_flat_reduce: [tid=000]         Process Order 1/Trace 2
12:10:58 [ INFO  ] cr2res_cal_flat_reduce: [tid=000]         Process Order 1/Trace 3
12:10:59 [ INFO  ] cr2res_cal_flat_reduce: [tid=000]         Process Order 1/Trace 4
12:10:59 [WARNING] cr2res_trace_compute_height: [tid=000]           Stdev of extraction height is large: 10.5
12:11:00 [ INFO  ] cr2res_cal_flat_reduce: [tid=000]         Process Order 1/Trace 5
12:11:01 [ INFO  ] cr2res_cal_flat_reduce: [tid=000]         Process Order 2/Trace 1
12:11:02 [ INFO  ] cr2res_cal_flat_reduce: [tid=000]         Process Order 3/Trace 1
12:11:04 [ INFO  ] cr2res_cal_flat_reduce: [tid=000]         Process Order 4/Trace 1
12:11:06 [ INFO  ] cr2res_cal_flat_reduce: [tid=000]         Process Order 5/Trace 1
12:11:08 [ INFO  ] cr2res_cal_flat_reduce: [tid=000]         Process Order 6/Trace 1
12:11:09 [ INFO  ] cr2res_cal_flat_reduce: [tid=000]         Process Order 7/Trace 1
12:11:11 [ INFO  ] cr2res_cal_flat_reduce: [tid=000]         Process Order 8/Trace 1
12:11:13 [ INFO  ] cr2res_cal_flat_reduce: [tid=000]         Process Order 9/Trace 1
12:11:15 [ INFO  ] cr2res_cal_flat_reduce: [tid=000]         Process Order 9/Trace 2
12:11:16 [ INFO  ] cr2res_cal_flat_reduce: [tid=000]         Process Order 9/Trace 3
12:11:16 [WARNING] cr2res_trace_compute_height: [tid=000]           Stdev of extraction height is large: 104.0
12:11:17 [ INFO  ] cr2res_cal_flat_reduce: [tid=000]       Compute the master flat
12:11:17 [ INFO  ] cpl_dfs_product_save: [tid=000]     Writing FITS propertylist product(CAL_FLAT_SLIT_MODEL): cr2res_cal_flat_J_3_3_Open_slit_model.fits
12:11:18 [ INFO  ] cpl_dfs_product_save: [tid=000]     Writing FITS table product(CAL_FLAT_EXTRACT_1D): cr2res_cal_flat_J_3_3_Open_blaze.fits
12:11:20 [ INFO  ] cpl_dfs_product_save: [tid=000]     Writing FITS propertylist product(CAL_FLAT_MASTER): cr2res_cal_flat_J_3_3_Open_master_flat.fits
12:11:20 [ INFO  ] cpl_dfs_product_save: [tid=000]     Writing FITS table product(CAL_FLAT_TW): cr2res_cal_flat_J_3_3_Open_tw.fits
12:11:20 [ INFO  ] cpl_dfs_product_save: [tid=000]     Writing FITS table product(CAL_FLAT_SLIT_FUNC): cr2res_cal_flat_J_3_3_Open_slit_func.fits
12:11:20 [ INFO  ] cpl_dfs_product_save: [tid=000]     Writing FITS propertylist product(CAL_FLAT_BPM): cr2res_cal_flat_J_3_3_Open_bpm.fits
12:11:20 [ INFO  ] cr2res_cal_flat: [tid=000]   No files for decker: Decker1
12:11:20 [ INFO  ] cr2res_cal_flat: [tid=000]   No files for decker: Decker2
12:11:20 [ INFO  ] cpl_dfs_product_save: [tid=000]   Writing FITS table product(CAL_FLAT_TW_MERGED): cr2res_cal_flat_J_3_3_tw_merged.fits
12:11:20 [ INFO  ] : [tid=000] Calculating product checksums
12:11:21 [ INFO  ] : [tid=000] Created product cr2res_cal_flat_J_3_3_Open_slit_model.fits (in place)
12:11:21 [ INFO  ] : [tid=000] Created product cr2res_cal_flat_J_3_3_Open_blaze.fits (in place)
12:11:21 [ INFO  ] : [tid=000] Created product cr2res_cal_flat_J_3_3_Open_master_flat.fits (in place)
12:11:21 [ INFO  ] : [tid=000] Created product cr2res_cal_flat_J_3_3_Open_tw.fits (in place)
12:11:21 [ INFO  ] : [tid=000] Created product cr2res_cal_flat_J_3_3_Open_slit_func.fits (in place)
12:11:21 [ INFO  ] : [tid=000] Created product cr2res_cal_flat_J_3_3_Open_bpm.fits (in place)
12:11:21 [ INFO  ] : [tid=000] Created product cr2res_cal_flat_J_3_3_tw_merged.fits (in place)
12:11:21 [ INFO  ] : [tid=000] 7 products created
12:11:21 [ INFO  ] : [tid=000] Recipe operation(s) took           72.8 seconds to complete.
12:11:21 [ INFO  ] : [tid=000] Total size of 5 raw input frames  =   252.82 MB

12:11:21 [ INFO  ] : [tid=000] => processing rate of     3.47 MB/sec 

