
Start time     : 2019-08-01T17:33:15
Program name   : esorex
Severity level : [ INFO  ] 

17:33:15 [ INFO  ] : [tid=000] This is EsoRex, version 3.13.1
17:33:15 [ INFO  ] : [tid=000] using the libraries: CPL = 7.1, CFITSIO = 3.36, WCSLIB = 4.24, FFTW (normal precision) = 3.3.7, FFTW (single precision) = 3.3.7, CPL FLOP counting is unavailable, enable with -DCPL_ADD_FLOPS, OPENMP = 201511
17:33:15 [ INFO  ] : [tid=000] Invocation command line was: esorex --mem-check=TRUE cr2res_util_slit_curv cr2res_util_slit_curv.sof
17:33:15 [ INFO  ] cr2res_util_slit_curv: [tid=000] Reduce Frame CRIRES_SPEC_WAVE203_0005_calibrated_extr1D_tw.fits
17:33:15 [ INFO  ] cr2res_util_slit_curv: [tid=000]   Process detector number 1
17:33:15 [ INFO  ] cr2res_util_slit_curv: [tid=000]     Load the TRACE_WAVE table
17:33:15 [ INFO  ] cr2res_util_slit_curv: [tid=000]     Process Order 10/Trace 1
17:33:15 [WARNING] cr2res_util_slit_curv: [tid=000]       Cannot Compute Slit curvature for Order 10
17:33:15 [ INFO  ] cr2res_util_slit_curv: [tid=000]     Process Order 1/Trace 1
17:33:15 [WARNING] cr2res_util_slit_curv: [tid=000]       Cannot Compute Slit curvature for Order 1
17:33:15 [ INFO  ] cr2res_util_slit_curv: [tid=000]     Process Order 2/Trace 1
17:33:15 [WARNING] cr2res_util_slit_curv: [tid=000]       Cannot Compute Slit curvature for Order 2
17:33:15 [ INFO  ] cr2res_util_slit_curv: [tid=000]     Process Order 3/Trace 1
17:33:15 [WARNING] cr2res_util_slit_curv: [tid=000]       Cannot Compute Slit curvature for Order 3
17:33:15 [ INFO  ] cr2res_util_slit_curv: [tid=000]     Process Order 4/Trace 1
17:33:15 [WARNING] cr2res_util_slit_curv: [tid=000]       Cannot Compute Slit curvature for Order 4
17:33:15 [ INFO  ] cr2res_util_slit_curv: [tid=000]     Process Order 5/Trace 1
17:33:15 [WARNING] cr2res_util_slit_curv: [tid=000]       Cannot Compute Slit curvature for Order 5
17:33:15 [ INFO  ] cr2res_util_slit_curv: [tid=000]     Process Order 6/Trace 1
17:33:15 [WARNING] cr2res_util_slit_curv: [tid=000]       Cannot Compute Slit curvature for Order 6
17:33:15 [ INFO  ] cr2res_util_slit_curv: [tid=000]     Process Order 7/Trace 1
17:33:15 [WARNING] cr2res_util_slit_curv: [tid=000]       Cannot Compute Slit curvature for Order 7
17:33:15 [ INFO  ] cr2res_util_slit_curv: [tid=000]     Process Order 8/Trace 1
17:33:15 [WARNING] cr2res_util_slit_curv: [tid=000]       Cannot Compute Slit curvature for Order 8
17:33:15 [ INFO  ] cr2res_util_slit_curv: [tid=000]     Process Order 9/Trace 1
17:33:15 [WARNING] cr2res_util_slit_curv: [tid=000]       Cannot Compute Slit curvature for Order 9
17:33:15 [ INFO  ] cr2res_util_slit_curv: [tid=000]   Process detector number 2
17:33:15 [ INFO  ] cr2res_util_slit_curv: [tid=000]     Load the TRACE_WAVE table
17:33:15 [ INFO  ] cr2res_util_slit_curv: [tid=000]     Process Order 10/Trace 1
17:33:15 [WARNING] cr2res_util_slit_curv: [tid=000]       Cannot Compute Slit curvature for Order 10
17:33:15 [ INFO  ] cr2res_util_slit_curv: [tid=000]     Process Order 1/Trace 1
17:33:15 [WARNING] cr2res_util_slit_curv: [tid=000]       Cannot Compute Slit curvature for Order 1
17:33:15 [ INFO  ] cr2res_util_slit_curv: [tid=000]     Process Order 2/Trace 1
17:33:15 [WARNING] cr2res_util_slit_curv: [tid=000]       Cannot Compute Slit curvature for Order 2
17:33:15 [ INFO  ] cr2res_util_slit_curv: [tid=000]     Process Order 3/Trace 1
17:33:15 [WARNING] cr2res_util_slit_curv: [tid=000]       Cannot Compute Slit curvature for Order 3
17:33:15 [ INFO  ] cr2res_util_slit_curv: [tid=000]     Process Order 4/Trace 1
17:33:15 [WARNING] cr2res_util_slit_curv: [tid=000]       Cannot Compute Slit curvature for Order 4
17:33:15 [ INFO  ] cr2res_util_slit_curv: [tid=000]     Process Order 5/Trace 1
17:33:15 [WARNING] cr2res_util_slit_curv: [tid=000]       Cannot Compute Slit curvature for Order 5
17:33:15 [ INFO  ] cr2res_util_slit_curv: [tid=000]     Process Order 6/Trace 1
17:33:15 [WARNING] cr2res_util_slit_curv: [tid=000]       Cannot Compute Slit curvature for Order 6
17:33:15 [ INFO  ] cr2res_util_slit_curv: [tid=000]     Process Order 7/Trace 1
17:33:15 [WARNING] cr2res_util_slit_curv: [tid=000]       Cannot Compute Slit curvature for Order 7
17:33:15 [ INFO  ] cr2res_util_slit_curv: [tid=000]     Process Order 8/Trace 1
17:33:15 [WARNING] cr2res_util_slit_curv: [tid=000]       Cannot Compute Slit curvature for Order 8
17:33:15 [ INFO  ] cr2res_util_slit_curv: [tid=000]     Process Order 9/Trace 1
17:33:15 [WARNING] cr2res_util_slit_curv: [tid=000]       Cannot Compute Slit curvature for Order 9
17:33:15 [ INFO  ] cr2res_util_slit_curv: [tid=000]   Process detector number 3
17:33:15 [ INFO  ] cr2res_util_slit_curv: [tid=000]     Load the TRACE_WAVE table
17:33:15 [ INFO  ] cr2res_util_slit_curv: [tid=000]     Process Order 10/Trace 1
17:33:15 [ INFO  ] cr2res_util_slit_curv: [tid=000]     Process Order 10/Trace 2
17:33:15 [ INFO  ] cr2res_util_slit_curv: [tid=000]     Process Order 1/Trace 1
17:33:15 [WARNING] cr2res_util_slit_curv: [tid=000]       Cannot Compute Slit curvature for Order 1
17:33:15 [ INFO  ] cr2res_util_slit_curv: [tid=000]     Process Order 2/Trace 1
17:33:15 [WARNING] cr2res_util_slit_curv: [tid=000]       Cannot Compute Slit curvature for Order 2
17:33:15 [ INFO  ] cr2res_util_slit_curv: [tid=000]     Process Order 3/Trace 1
17:33:15 [WARNING] cr2res_util_slit_curv: [tid=000]       Cannot Compute Slit curvature for Order 3
17:33:15 [ INFO  ] cr2res_util_slit_curv: [tid=000]     Process Order 4/Trace 1
17:33:15 [WARNING] cr2res_util_slit_curv: [tid=000]       Cannot Compute Slit curvature for Order 4
17:33:15 [ INFO  ] cr2res_util_slit_curv: [tid=000]     Process Order 5/Trace 1
17:33:15 [WARNING] cr2res_util_slit_curv: [tid=000]       Cannot Compute Slit curvature for Order 5
17:33:15 [ INFO  ] cr2res_util_slit_curv: [tid=000]     Process Order 6/Trace 1
17:33:15 [WARNING] cr2res_util_slit_curv: [tid=000]       Cannot Compute Slit curvature for Order 6
17:33:15 [ INFO  ] cr2res_util_slit_curv: [tid=000]     Process Order 7/Trace 1
17:33:15 [WARNING] cr2res_util_slit_curv: [tid=000]       Cannot Compute Slit curvature for Order 7
17:33:15 [ INFO  ] cr2res_util_slit_curv: [tid=000]     Process Order 8/Trace 1
17:33:15 [WARNING] cr2res_util_slit_curv: [tid=000]       Cannot Compute Slit curvature for Order 8
17:33:15 [ INFO  ] cr2res_util_slit_curv: [tid=000]     Process Order 9/Trace 1
17:33:15 [WARNING] cr2res_util_slit_curv: [tid=000]       Cannot Compute Slit curvature for Order 9
17:33:15 [ INFO  ] cpl_dfs_product_save: [tid=000]   Writing FITS propertylist product(UTIL_SLIT_CURV_MAP): CRIRES_SPEC_WAVE203_0005_calibrated_extr1D_tw_map.fits
17:33:15 [ INFO  ] cpl_dfs_product_save: [tid=000]   Writing FITS table product(UTIL_SLIT_CURV): CRIRES_SPEC_WAVE203_0005_calibrated_extr1D_tw_slit_curv.fits
17:33:15 [ INFO  ] cpl_dfs_product_save: [tid=000]   Writing FITS table product(UTIL_SLIT_CURV_TW): CRIRES_SPEC_WAVE203_0005_calibrated_extr1D_tw_tw.fits
17:33:15 [ INFO  ] cr2res_util_slit_curv: [tid=000]   Reduce Frame CRIRES_SPEC_WAVE203_0006_calibrated_extr1D_tw.fits
17:33:15 [ INFO  ] cr2res_util_slit_curv: [tid=000]     Process detector number 1
17:33:15 [ INFO  ] cr2res_util_slit_curv: [tid=000]       Load the TRACE_WAVE table
17:33:15 [ INFO  ] cr2res_util_slit_curv: [tid=000]       Process Order 10/Trace 1
17:33:15 [WARNING] cr2res_util_slit_curv: [tid=000]         Cannot Compute Slit curvature for Order 10
17:33:15 [ INFO  ] cr2res_util_slit_curv: [tid=000]       Process Order 1/Trace 1
17:33:15 [WARNING] cr2res_util_slit_curv: [tid=000]         Cannot Compute Slit curvature for Order 1
17:33:15 [ INFO  ] cr2res_util_slit_curv: [tid=000]       Process Order 2/Trace 1
17:33:15 [WARNING] cr2res_util_slit_curv: [tid=000]         Cannot Compute Slit curvature for Order 2
17:33:15 [ INFO  ] cr2res_util_slit_curv: [tid=000]       Process Order 3/Trace 1
17:33:15 [WARNING] cr2res_util_slit_curv: [tid=000]         Cannot Compute Slit curvature for Order 3
17:33:15 [ INFO  ] cr2res_util_slit_curv: [tid=000]       Process Order 4/Trace 1
17:33:15 [WARNING] cr2res_util_slit_curv: [tid=000]         Cannot Compute Slit curvature for Order 4
17:33:15 [ INFO  ] cr2res_util_slit_curv: [tid=000]       Process Order 5/Trace 1
17:33:15 [WARNING] cr2res_util_slit_curv: [tid=000]         Cannot Compute Slit curvature for Order 5
17:33:15 [ INFO  ] cr2res_util_slit_curv: [tid=000]       Process Order 6/Trace 1
17:33:15 [WARNING] cr2res_util_slit_curv: [tid=000]         Cannot Compute Slit curvature for Order 6
17:33:15 [ INFO  ] cr2res_util_slit_curv: [tid=000]       Process Order 7/Trace 1
17:33:15 [WARNING] cr2res_util_slit_curv: [tid=000]         Cannot Compute Slit curvature for Order 7
17:33:15 [ INFO  ] cr2res_util_slit_curv: [tid=000]       Process Order 8/Trace 1
17:33:15 [WARNING] cr2res_util_slit_curv: [tid=000]         Cannot Compute Slit curvature for Order 8
17:33:15 [ INFO  ] cr2res_util_slit_curv: [tid=000]       Process Order 9/Trace 1
17:33:15 [WARNING] cr2res_util_slit_curv: [tid=000]         Cannot Compute Slit curvature for Order 9
17:33:15 [ INFO  ] cr2res_util_slit_curv: [tid=000]     Process detector number 2
17:33:15 [ INFO  ] cr2res_util_slit_curv: [tid=000]       Load the TRACE_WAVE table
17:33:15 [ INFO  ] cr2res_util_slit_curv: [tid=000]       Process Order 10/Trace 1
17:33:15 [WARNING] cr2res_util_slit_curv: [tid=000]         Cannot Compute Slit curvature for Order 10
17:33:15 [ INFO  ] cr2res_util_slit_curv: [tid=000]       Process Order 1/Trace 1
17:33:15 [WARNING] cr2res_util_slit_curv: [tid=000]         Cannot Compute Slit curvature for Order 1
17:33:15 [ INFO  ] cr2res_util_slit_curv: [tid=000]       Process Order 2/Trace 1
17:33:15 [WARNING] cr2res_util_slit_curv: [tid=000]         Cannot Compute Slit curvature for Order 2
17:33:15 [ INFO  ] cr2res_util_slit_curv: [tid=000]       Process Order 3/Trace 1
17:33:15 [WARNING] cr2res_util_slit_curv: [tid=000]         Cannot Compute Slit curvature for Order 3
17:33:15 [ INFO  ] cr2res_util_slit_curv: [tid=000]       Process Order 4/Trace 1
17:33:15 [WARNING] cr2res_util_slit_curv: [tid=000]         Cannot Compute Slit curvature for Order 4
17:33:15 [ INFO  ] cr2res_util_slit_curv: [tid=000]       Process Order 5/Trace 1
17:33:15 [WARNING] cr2res_util_slit_curv: [tid=000]         Cannot Compute Slit curvature for Order 5
17:33:15 [ INFO  ] cr2res_util_slit_curv: [tid=000]       Process Order 6/Trace 1
17:33:15 [WARNING] cr2res_util_slit_curv: [tid=000]         Cannot Compute Slit curvature for Order 6
17:33:15 [ INFO  ] cr2res_util_slit_curv: [tid=000]       Process Order 7/Trace 1
17:33:15 [WARNING] cr2res_util_slit_curv: [tid=000]         Cannot Compute Slit curvature for Order 7
17:33:15 [ INFO  ] cr2res_util_slit_curv: [tid=000]       Process Order 8/Trace 1
17:33:15 [WARNING] cr2res_util_slit_curv: [tid=000]         Cannot Compute Slit curvature for Order 8
17:33:15 [ INFO  ] cr2res_util_slit_curv: [tid=000]       Process Order 9/Trace 1
17:33:15 [WARNING] cr2res_util_slit_curv: [tid=000]         Cannot Compute Slit curvature for Order 9
17:33:15 [ INFO  ] cr2res_util_slit_curv: [tid=000]     Process detector number 3
17:33:15 [ INFO  ] cr2res_util_slit_curv: [tid=000]       Load the TRACE_WAVE table
17:33:15 [ INFO  ] cr2res_util_slit_curv: [tid=000]       Process Order 10/Trace 1
17:33:15 [ INFO  ] cr2res_util_slit_curv: [tid=000]       Process Order 10/Trace 2
17:33:15 [ INFO  ] cr2res_util_slit_curv: [tid=000]       Process Order 1/Trace 1
17:33:15 [WARNING] cr2res_util_slit_curv: [tid=000]         Cannot Compute Slit curvature for Order 1
17:33:15 [ INFO  ] cr2res_util_slit_curv: [tid=000]       Process Order 2/Trace 1
17:33:15 [WARNING] cr2res_util_slit_curv: [tid=000]         Cannot Compute Slit curvature for Order 2
17:33:15 [ INFO  ] cr2res_util_slit_curv: [tid=000]       Process Order 3/Trace 1
17:33:15 [WARNING] cr2res_util_slit_curv: [tid=000]         Cannot Compute Slit curvature for Order 3
17:33:15 [ INFO  ] cr2res_util_slit_curv: [tid=000]       Process Order 4/Trace 1
17:33:15 [WARNING] cr2res_util_slit_curv: [tid=000]         Cannot Compute Slit curvature for Order 4
17:33:15 [ INFO  ] cr2res_util_slit_curv: [tid=000]       Process Order 5/Trace 1
17:33:15 [WARNING] cr2res_util_slit_curv: [tid=000]         Cannot Compute Slit curvature for Order 5
17:33:15 [ INFO  ] cr2res_util_slit_curv: [tid=000]       Process Order 6/Trace 1
17:33:15 [WARNING] cr2res_util_slit_curv: [tid=000]         Cannot Compute Slit curvature for Order 6
17:33:15 [ INFO  ] cr2res_util_slit_curv: [tid=000]       Process Order 7/Trace 1
17:33:15 [WARNING] cr2res_util_slit_curv: [tid=000]         Cannot Compute Slit curvature for Order 7
17:33:15 [ INFO  ] cr2res_util_slit_curv: [tid=000]       Process Order 8/Trace 1
17:33:15 [WARNING] cr2res_util_slit_curv: [tid=000]         Cannot Compute Slit curvature for Order 8
17:33:15 [ INFO  ] cr2res_util_slit_curv: [tid=000]       Process Order 9/Trace 1
17:33:15 [WARNING] cr2res_util_slit_curv: [tid=000]         Cannot Compute Slit curvature for Order 9
17:33:15 [ INFO  ] cpl_dfs_product_save: [tid=000]     Writing FITS propertylist product(UTIL_SLIT_CURV_MAP): CRIRES_SPEC_WAVE203_0006_calibrated_extr1D_tw_map.fits
17:33:15 [ INFO  ] cpl_dfs_product_save: [tid=000]     Writing FITS table product(UTIL_SLIT_CURV): CRIRES_SPEC_WAVE203_0006_calibrated_extr1D_tw_slit_curv.fits
17:33:15 [ INFO  ] cpl_dfs_product_save: [tid=000]     Writing FITS table product(UTIL_SLIT_CURV_TW): CRIRES_SPEC_WAVE203_0006_calibrated_extr1D_tw_tw.fits
17:33:15 [ INFO  ] cr2res_util_slit_curv: [tid=000]     Reduce Frame CRIRES_SPEC_WAVE203_0007_calibrated_extr1D_tw.fits
17:33:15 [ INFO  ] cr2res_util_slit_curv: [tid=000]       Process detector number 1
17:33:15 [ INFO  ] cr2res_util_slit_curv: [tid=000]         Load the TRACE_WAVE table
17:33:15 [ INFO  ] cr2res_util_slit_curv: [tid=000]         Process Order 10/Trace 1
17:33:15 [WARNING] cr2res_util_slit_curv: [tid=000]           Cannot Compute Slit curvature for Order 10
17:33:15 [ INFO  ] cr2res_util_slit_curv: [tid=000]         Process Order 1/Trace 1
17:33:15 [WARNING] cr2res_util_slit_curv: [tid=000]           Cannot Compute Slit curvature for Order 1
17:33:15 [ INFO  ] cr2res_util_slit_curv: [tid=000]         Process Order 2/Trace 1
17:33:15 [WARNING] cr2res_util_slit_curv: [tid=000]           Cannot Compute Slit curvature for Order 2
17:33:15 [ INFO  ] cr2res_util_slit_curv: [tid=000]         Process Order 3/Trace 1
17:33:15 [WARNING] cr2res_util_slit_curv: [tid=000]           Cannot Compute Slit curvature for Order 3
17:33:15 [ INFO  ] cr2res_util_slit_curv: [tid=000]         Process Order 4/Trace 1
17:33:15 [WARNING] cr2res_util_slit_curv: [tid=000]           Cannot Compute Slit curvature for Order 4
17:33:15 [ INFO  ] cr2res_util_slit_curv: [tid=000]         Process Order 5/Trace 1
17:33:15 [WARNING] cr2res_util_slit_curv: [tid=000]           Cannot Compute Slit curvature for Order 5
17:33:15 [ INFO  ] cr2res_util_slit_curv: [tid=000]         Process Order 6/Trace 1
17:33:15 [WARNING] cr2res_util_slit_curv: [tid=000]           Cannot Compute Slit curvature for Order 6
17:33:15 [ INFO  ] cr2res_util_slit_curv: [tid=000]         Process Order 7/Trace 1
17:33:15 [WARNING] cr2res_util_slit_curv: [tid=000]           Cannot Compute Slit curvature for Order 7
17:33:15 [ INFO  ] cr2res_util_slit_curv: [tid=000]         Process Order 8/Trace 1
17:33:15 [WARNING] cr2res_util_slit_curv: [tid=000]           Cannot Compute Slit curvature for Order 8
17:33:15 [ INFO  ] cr2res_util_slit_curv: [tid=000]         Process Order 9/Trace 1
17:33:15 [WARNING] cr2res_util_slit_curv: [tid=000]           Cannot Compute Slit curvature for Order 9
17:33:16 [ INFO  ] cr2res_util_slit_curv: [tid=000]       Process detector number 2
17:33:16 [ INFO  ] cr2res_util_slit_curv: [tid=000]         Load the TRACE_WAVE table
17:33:16 [ INFO  ] cr2res_util_slit_curv: [tid=000]         Process Order 10/Trace 1
17:33:16 [WARNING] cr2res_util_slit_curv: [tid=000]           Cannot Compute Slit curvature for Order 10
17:33:16 [ INFO  ] cr2res_util_slit_curv: [tid=000]         Process Order 1/Trace 1
17:33:16 [WARNING] cr2res_util_slit_curv: [tid=000]           Cannot Compute Slit curvature for Order 1
17:33:16 [ INFO  ] cr2res_util_slit_curv: [tid=000]         Process Order 2/Trace 1
17:33:16 [WARNING] cr2res_util_slit_curv: [tid=000]           Cannot Compute Slit curvature for Order 2
17:33:16 [ INFO  ] cr2res_util_slit_curv: [tid=000]         Process Order 3/Trace 1
17:33:16 [WARNING] cr2res_util_slit_curv: [tid=000]           Cannot Compute Slit curvature for Order 3
17:33:16 [ INFO  ] cr2res_util_slit_curv: [tid=000]         Process Order 4/Trace 1
17:33:16 [WARNING] cr2res_util_slit_curv: [tid=000]           Cannot Compute Slit curvature for Order 4
17:33:16 [ INFO  ] cr2res_util_slit_curv: [tid=000]         Process Order 5/Trace 1
17:33:16 [WARNING] cr2res_util_slit_curv: [tid=000]           Cannot Compute Slit curvature for Order 5
17:33:16 [ INFO  ] cr2res_util_slit_curv: [tid=000]         Process Order 6/Trace 1
17:33:16 [WARNING] cr2res_util_slit_curv: [tid=000]           Cannot Compute Slit curvature for Order 6
17:33:16 [ INFO  ] cr2res_util_slit_curv: [tid=000]         Process Order 7/Trace 1
17:33:16 [WARNING] cr2res_util_slit_curv: [tid=000]           Cannot Compute Slit curvature for Order 7
17:33:16 [ INFO  ] cr2res_util_slit_curv: [tid=000]         Process Order 8/Trace 1
17:33:16 [WARNING] cr2res_util_slit_curv: [tid=000]           Cannot Compute Slit curvature for Order 8
17:33:16 [ INFO  ] cr2res_util_slit_curv: [tid=000]         Process Order 9/Trace 1
17:33:16 [WARNING] cr2res_util_slit_curv: [tid=000]           Cannot Compute Slit curvature for Order 9
17:33:16 [ INFO  ] cr2res_util_slit_curv: [tid=000]       Process detector number 3
17:33:16 [ INFO  ] cr2res_util_slit_curv: [tid=000]         Load the TRACE_WAVE table
17:33:16 [ INFO  ] cr2res_util_slit_curv: [tid=000]         Process Order 10/Trace 1
17:33:16 [ INFO  ] cr2res_util_slit_curv: [tid=000]         Process Order 10/Trace 2
17:33:16 [ INFO  ] cr2res_util_slit_curv: [tid=000]         Process Order 1/Trace 1
17:33:16 [WARNING] cr2res_util_slit_curv: [tid=000]           Cannot Compute Slit curvature for Order 1
17:33:16 [ INFO  ] cr2res_util_slit_curv: [tid=000]         Process Order 2/Trace 1
17:33:16 [WARNING] cr2res_util_slit_curv: [tid=000]           Cannot Compute Slit curvature for Order 2
17:33:16 [ INFO  ] cr2res_util_slit_curv: [tid=000]         Process Order 3/Trace 1
17:33:16 [WARNING] cr2res_util_slit_curv: [tid=000]           Cannot Compute Slit curvature for Order 3
17:33:16 [ INFO  ] cr2res_util_slit_curv: [tid=000]         Process Order 4/Trace 1
17:33:16 [WARNING] cr2res_util_slit_curv: [tid=000]           Cannot Compute Slit curvature for Order 4
17:33:16 [ INFO  ] cr2res_util_slit_curv: [tid=000]         Process Order 5/Trace 1
17:33:16 [WARNING] cr2res_util_slit_curv: [tid=000]           Cannot Compute Slit curvature for Order 5
17:33:16 [ INFO  ] cr2res_util_slit_curv: [tid=000]         Process Order 6/Trace 1
17:33:16 [WARNING] cr2res_util_slit_curv: [tid=000]           Cannot Compute Slit curvature for Order 6
17:33:16 [ INFO  ] cr2res_util_slit_curv: [tid=000]         Process Order 7/Trace 1
17:33:16 [WARNING] cr2res_util_slit_curv: [tid=000]           Cannot Compute Slit curvature for Order 7
17:33:16 [ INFO  ] cr2res_util_slit_curv: [tid=000]         Process Order 8/Trace 1
17:33:16 [WARNING] cr2res_util_slit_curv: [tid=000]           Cannot Compute Slit curvature for Order 8
17:33:16 [ INFO  ] cr2res_util_slit_curv: [tid=000]         Process Order 9/Trace 1
17:33:16 [WARNING] cr2res_util_slit_curv: [tid=000]           Cannot Compute Slit curvature for Order 9
17:33:16 [ INFO  ] cpl_dfs_product_save: [tid=000]       Writing FITS propertylist product(UTIL_SLIT_CURV_MAP): CRIRES_SPEC_WAVE203_0007_calibrated_extr1D_tw_map.fits
17:33:16 [ INFO  ] cpl_dfs_product_save: [tid=000]       Writing FITS table product(UTIL_SLIT_CURV): CRIRES_SPEC_WAVE203_0007_calibrated_extr1D_tw_slit_curv.fits
17:33:16 [ INFO  ] cpl_dfs_product_save: [tid=000]       Writing FITS table product(UTIL_SLIT_CURV_TW): CRIRES_SPEC_WAVE203_0007_calibrated_extr1D_tw_tw.fits
17:33:16 [ INFO  ] cr2res_util_slit_curv: [tid=000]       Reduce Frame CRIRES_SPEC_WAVE203_0008_calibrated_extr1D_tw.fits
17:33:16 [ INFO  ] cr2res_util_slit_curv: [tid=000]         Process detector number 1
17:33:16 [ INFO  ] cr2res_util_slit_curv: [tid=000]           Load the TRACE_WAVE table
17:33:16 [ INFO  ] cr2res_util_slit_curv: [tid=000]           Process Order 10/Trace 1
17:33:16 [WARNING] cr2res_util_slit_curv: [tid=000]             Cannot Compute Slit curvature for Order 10
17:33:16 [ INFO  ] cr2res_util_slit_curv: [tid=000]           Process Order 1/Trace 1
17:33:16 [WARNING] cr2res_util_slit_curv: [tid=000]             Cannot Compute Slit curvature for Order 1
17:33:16 [ INFO  ] cr2res_util_slit_curv: [tid=000]           Process Order 2/Trace 1
17:33:16 [WARNING] cr2res_util_slit_curv: [tid=000]             Cannot Compute Slit curvature for Order 2
17:33:16 [ INFO  ] cr2res_util_slit_curv: [tid=000]           Process Order 3/Trace 1
17:33:16 [WARNING] cr2res_util_slit_curv: [tid=000]             Cannot Compute Slit curvature for Order 3
17:33:16 [ INFO  ] cr2res_util_slit_curv: [tid=000]           Process Order 4/Trace 1
17:33:16 [WARNING] cr2res_util_slit_curv: [tid=000]             Cannot Compute Slit curvature for Order 4
17:33:16 [ INFO  ] cr2res_util_slit_curv: [tid=000]           Process Order 5/Trace 1
17:33:16 [WARNING] cr2res_util_slit_curv: [tid=000]             Cannot Compute Slit curvature for Order 5
17:33:16 [ INFO  ] cr2res_util_slit_curv: [tid=000]           Process Order 6/Trace 1
17:33:16 [WARNING] cr2res_util_slit_curv: [tid=000]             Cannot Compute Slit curvature for Order 6
17:33:16 [ INFO  ] cr2res_util_slit_curv: [tid=000]           Process Order 7/Trace 1
17:33:16 [WARNING] cr2res_util_slit_curv: [tid=000]             Cannot Compute Slit curvature for Order 7
17:33:16 [ INFO  ] cr2res_util_slit_curv: [tid=000]           Process Order 8/Trace 1
17:33:16 [WARNING] cr2res_util_slit_curv: [tid=000]             Cannot Compute Slit curvature for Order 8
17:33:16 [ INFO  ] cr2res_util_slit_curv: [tid=000]           Process Order 9/Trace 1
17:33:16 [WARNING] cr2res_util_slit_curv: [tid=000]             Cannot Compute Slit curvature for Order 9
17:33:16 [ INFO  ] cr2res_util_slit_curv: [tid=000]         Process detector number 2
17:33:16 [ INFO  ] cr2res_util_slit_curv: [tid=000]           Load the TRACE_WAVE table
17:33:16 [ INFO  ] cr2res_util_slit_curv: [tid=000]           Process Order 10/Trace 1
17:33:16 [WARNING] cr2res_util_slit_curv: [tid=000]             Cannot Compute Slit curvature for Order 10
17:33:16 [ INFO  ] cr2res_util_slit_curv: [tid=000]           Process Order 1/Trace 1
17:33:16 [WARNING] cr2res_util_slit_curv: [tid=000]             Cannot Compute Slit curvature for Order 1
17:33:16 [ INFO  ] cr2res_util_slit_curv: [tid=000]           Process Order 2/Trace 1
17:33:16 [WARNING] cr2res_util_slit_curv: [tid=000]             Cannot Compute Slit curvature for Order 2
17:33:16 [ INFO  ] cr2res_util_slit_curv: [tid=000]           Process Order 3/Trace 1
17:33:16 [WARNING] cr2res_util_slit_curv: [tid=000]             Cannot Compute Slit curvature for Order 3
17:33:16 [ INFO  ] cr2res_util_slit_curv: [tid=000]           Process Order 4/Trace 1
17:33:16 [WARNING] cr2res_util_slit_curv: [tid=000]             Cannot Compute Slit curvature for Order 4
17:33:16 [ INFO  ] cr2res_util_slit_curv: [tid=000]           Process Order 5/Trace 1
17:33:16 [WARNING] cr2res_util_slit_curv: [tid=000]             Cannot Compute Slit curvature for Order 5
17:33:16 [ INFO  ] cr2res_util_slit_curv: [tid=000]           Process Order 6/Trace 1
17:33:16 [WARNING] cr2res_util_slit_curv: [tid=000]             Cannot Compute Slit curvature for Order 6
17:33:16 [ INFO  ] cr2res_util_slit_curv: [tid=000]           Process Order 7/Trace 1
17:33:16 [WARNING] cr2res_util_slit_curv: [tid=000]             Cannot Compute Slit curvature for Order 7
17:33:16 [ INFO  ] cr2res_util_slit_curv: [tid=000]           Process Order 8/Trace 1
17:33:16 [WARNING] cr2res_util_slit_curv: [tid=000]             Cannot Compute Slit curvature for Order 8
17:33:16 [ INFO  ] cr2res_util_slit_curv: [tid=000]           Process Order 9/Trace 1
17:33:16 [WARNING] cr2res_util_slit_curv: [tid=000]             Cannot Compute Slit curvature for Order 9
17:33:16 [ INFO  ] cr2res_util_slit_curv: [tid=000]         Process detector number 3
17:33:16 [ INFO  ] cr2res_util_slit_curv: [tid=000]           Load the TRACE_WAVE table
17:33:16 [ INFO  ] cr2res_util_slit_curv: [tid=000]           Process Order 10/Trace 1
17:33:16 [ INFO  ] cr2res_util_slit_curv: [tid=000]           Process Order 10/Trace 2
17:33:16 [ INFO  ] cr2res_util_slit_curv: [tid=000]           Process Order 1/Trace 1
17:33:16 [WARNING] cr2res_util_slit_curv: [tid=000]             Cannot Compute Slit curvature for Order 1
17:33:16 [ INFO  ] cr2res_util_slit_curv: [tid=000]           Process Order 2/Trace 1
17:33:16 [WARNING] cr2res_util_slit_curv: [tid=000]             Cannot Compute Slit curvature for Order 2
17:33:16 [ INFO  ] cr2res_util_slit_curv: [tid=000]           Process Order 3/Trace 1
17:33:16 [WARNING] cr2res_util_slit_curv: [tid=000]             Cannot Compute Slit curvature for Order 3
17:33:16 [ INFO  ] cr2res_util_slit_curv: [tid=000]           Process Order 4/Trace 1
17:33:16 [WARNING] cr2res_util_slit_curv: [tid=000]             Cannot Compute Slit curvature for Order 4
17:33:16 [ INFO  ] cr2res_util_slit_curv: [tid=000]           Process Order 5/Trace 1
17:33:16 [WARNING] cr2res_util_slit_curv: [tid=000]             Cannot Compute Slit curvature for Order 5
17:33:16 [ INFO  ] cr2res_util_slit_curv: [tid=000]           Process Order 6/Trace 1
17:33:16 [WARNING] cr2res_util_slit_curv: [tid=000]             Cannot Compute Slit curvature for Order 6
17:33:16 [ INFO  ] cr2res_util_slit_curv: [tid=000]           Process Order 7/Trace 1
17:33:16 [WARNING] cr2res_util_slit_curv: [tid=000]             Cannot Compute Slit curvature for Order 7
17:33:16 [ INFO  ] cr2res_util_slit_curv: [tid=000]           Process Order 8/Trace 1
17:33:16 [WARNING] cr2res_util_slit_curv: [tid=000]             Cannot Compute Slit curvature for Order 8
17:33:16 [ INFO  ] cr2res_util_slit_curv: [tid=000]           Process Order 9/Trace 1
17:33:16 [WARNING] cr2res_util_slit_curv: [tid=000]             Cannot Compute Slit curvature for Order 9
17:33:16 [ INFO  ] cpl_dfs_product_save: [tid=000]         Writing FITS propertylist product(UTIL_SLIT_CURV_MAP): CRIRES_SPEC_WAVE203_0008_calibrated_extr1D_tw_map.fits
17:33:16 [ INFO  ] cpl_dfs_product_save: [tid=000]         Writing FITS table product(UTIL_SLIT_CURV): CRIRES_SPEC_WAVE203_0008_calibrated_extr1D_tw_slit_curv.fits
17:33:16 [ INFO  ] cpl_dfs_product_save: [tid=000]         Writing FITS table product(UTIL_SLIT_CURV_TW): CRIRES_SPEC_WAVE203_0008_calibrated_extr1D_tw_tw.fits
17:33:16 [ INFO  ] cr2res_util_slit_curv: [tid=000]         Reduce Frame CRIRES_SPEC_WAVE203_0009_calibrated_extr1D_tw.fits
17:33:16 [ INFO  ] cr2res_util_slit_curv: [tid=000]           Process detector number 1
17:33:16 [ INFO  ] cr2res_util_slit_curv: [tid=000]             Load the TRACE_WAVE table
17:33:16 [ INFO  ] cr2res_util_slit_curv: [tid=000]             Process Order 10/Trace 1
17:33:16 [WARNING] cr2res_util_slit_curv: [tid=000]               Cannot Compute Slit curvature for Order 10
17:33:16 [ INFO  ] cr2res_util_slit_curv: [tid=000]             Process Order 1/Trace 1
17:33:16 [WARNING] cr2res_util_slit_curv: [tid=000]               Cannot Compute Slit curvature for Order 1
17:33:16 [ INFO  ] cr2res_util_slit_curv: [tid=000]             Process Order 2/Trace 1
17:33:16 [WARNING] cr2res_util_slit_curv: [tid=000]               Cannot Compute Slit curvature for Order 2
17:33:16 [ INFO  ] cr2res_util_slit_curv: [tid=000]             Process Order 3/Trace 1
17:33:16 [WARNING] cr2res_util_slit_curv: [tid=000]               Cannot Compute Slit curvature for Order 3
17:33:16 [ INFO  ] cr2res_util_slit_curv: [tid=000]             Process Order 4/Trace 1
17:33:16 [WARNING] cr2res_util_slit_curv: [tid=000]               Cannot Compute Slit curvature for Order 4
17:33:16 [ INFO  ] cr2res_util_slit_curv: [tid=000]             Process Order 5/Trace 1
17:33:16 [WARNING] cr2res_util_slit_curv: [tid=000]               Cannot Compute Slit curvature for Order 5
17:33:16 [ INFO  ] cr2res_util_slit_curv: [tid=000]             Process Order 6/Trace 1
17:33:16 [WARNING] cr2res_util_slit_curv: [tid=000]               Cannot Compute Slit curvature for Order 6
17:33:16 [ INFO  ] cr2res_util_slit_curv: [tid=000]             Process Order 7/Trace 1
17:33:16 [WARNING] cr2res_util_slit_curv: [tid=000]               Cannot Compute Slit curvature for Order 7
17:33:16 [ INFO  ] cr2res_util_slit_curv: [tid=000]             Process Order 8/Trace 1
17:33:16 [WARNING] cr2res_util_slit_curv: [tid=000]               Cannot Compute Slit curvature for Order 8
17:33:16 [ INFO  ] cr2res_util_slit_curv: [tid=000]             Process Order 9/Trace 1
17:33:16 [WARNING] cr2res_util_slit_curv: [tid=000]               Cannot Compute Slit curvature for Order 9
17:33:16 [ INFO  ] cr2res_util_slit_curv: [tid=000]           Process detector number 2
17:33:16 [ INFO  ] cr2res_util_slit_curv: [tid=000]             Load the TRACE_WAVE table
17:33:16 [ INFO  ] cr2res_util_slit_curv: [tid=000]             Process Order 10/Trace 1
17:33:16 [WARNING] cr2res_util_slit_curv: [tid=000]               Cannot Compute Slit curvature for Order 10
17:33:16 [ INFO  ] cr2res_util_slit_curv: [tid=000]             Process Order 1/Trace 1
17:33:16 [WARNING] cr2res_util_slit_curv: [tid=000]               Cannot Compute Slit curvature for Order 1
17:33:16 [ INFO  ] cr2res_util_slit_curv: [tid=000]             Process Order 2/Trace 1
17:33:16 [WARNING] cr2res_util_slit_curv: [tid=000]               Cannot Compute Slit curvature for Order 2
17:33:16 [ INFO  ] cr2res_util_slit_curv: [tid=000]             Process Order 3/Trace 1
17:33:16 [WARNING] cr2res_util_slit_curv: [tid=000]               Cannot Compute Slit curvature for Order 3
17:33:16 [ INFO  ] cr2res_util_slit_curv: [tid=000]             Process Order 4/Trace 1
17:33:16 [WARNING] cr2res_util_slit_curv: [tid=000]               Cannot Compute Slit curvature for Order 4
17:33:16 [ INFO  ] cr2res_util_slit_curv: [tid=000]             Process Order 5/Trace 1
17:33:16 [WARNING] cr2res_util_slit_curv: [tid=000]               Cannot Compute Slit curvature for Order 5
17:33:16 [ INFO  ] cr2res_util_slit_curv: [tid=000]             Process Order 6/Trace 1
17:33:16 [WARNING] cr2res_util_slit_curv: [tid=000]               Cannot Compute Slit curvature for Order 6
17:33:16 [ INFO  ] cr2res_util_slit_curv: [tid=000]             Process Order 7/Trace 1
17:33:16 [WARNING] cr2res_util_slit_curv: [tid=000]               Cannot Compute Slit curvature for Order 7
17:33:16 [ INFO  ] cr2res_util_slit_curv: [tid=000]             Process Order 8/Trace 1
17:33:16 [WARNING] cr2res_util_slit_curv: [tid=000]               Cannot Compute Slit curvature for Order 8
17:33:16 [ INFO  ] cr2res_util_slit_curv: [tid=000]             Process Order 9/Trace 1
17:33:16 [WARNING] cr2res_util_slit_curv: [tid=000]               Cannot Compute Slit curvature for Order 9
17:33:16 [ INFO  ] cr2res_util_slit_curv: [tid=000]           Process detector number 3
17:33:16 [ INFO  ] cr2res_util_slit_curv: [tid=000]             Load the TRACE_WAVE table
17:33:16 [ INFO  ] cr2res_util_slit_curv: [tid=000]             Process Order 10/Trace 1
17:33:16 [ INFO  ] cr2res_util_slit_curv: [tid=000]             Process Order 10/Trace 2
17:33:17 [ INFO  ] cr2res_util_slit_curv: [tid=000]             Process Order 1/Trace 1
17:33:17 [WARNING] cr2res_util_slit_curv: [tid=000]               Cannot Compute Slit curvature for Order 1
17:33:17 [ INFO  ] cr2res_util_slit_curv: [tid=000]             Process Order 2/Trace 1
17:33:17 [WARNING] cr2res_util_slit_curv: [tid=000]               Cannot Compute Slit curvature for Order 2
17:33:17 [ INFO  ] cr2res_util_slit_curv: [tid=000]             Process Order 3/Trace 1
17:33:17 [WARNING] cr2res_util_slit_curv: [tid=000]               Cannot Compute Slit curvature for Order 3
17:33:17 [ INFO  ] cr2res_util_slit_curv: [tid=000]             Process Order 4/Trace 1
17:33:17 [WARNING] cr2res_util_slit_curv: [tid=000]               Cannot Compute Slit curvature for Order 4
17:33:17 [ INFO  ] cr2res_util_slit_curv: [tid=000]             Process Order 5/Trace 1
17:33:17 [WARNING] cr2res_util_slit_curv: [tid=000]               Cannot Compute Slit curvature for Order 5
17:33:17 [ INFO  ] cr2res_util_slit_curv: [tid=000]             Process Order 6/Trace 1
17:33:17 [WARNING] cr2res_util_slit_curv: [tid=000]               Cannot Compute Slit curvature for Order 6
17:33:17 [ INFO  ] cr2res_util_slit_curv: [tid=000]             Process Order 7/Trace 1
17:33:17 [WARNING] cr2res_util_slit_curv: [tid=000]               Cannot Compute Slit curvature for Order 7
17:33:17 [ INFO  ] cr2res_util_slit_curv: [tid=000]             Process Order 8/Trace 1
17:33:17 [WARNING] cr2res_util_slit_curv: [tid=000]               Cannot Compute Slit curvature for Order 8
17:33:17 [ INFO  ] cr2res_util_slit_curv: [tid=000]             Process Order 9/Trace 1
17:33:17 [WARNING] cr2res_util_slit_curv: [tid=000]               Cannot Compute Slit curvature for Order 9
17:33:17 [ INFO  ] cpl_dfs_product_save: [tid=000]           Writing FITS propertylist product(UTIL_SLIT_CURV_MAP): CRIRES_SPEC_WAVE203_0009_calibrated_extr1D_tw_map.fits
17:33:17 [ INFO  ] cpl_dfs_product_save: [tid=000]           Writing FITS table product(UTIL_SLIT_CURV): CRIRES_SPEC_WAVE203_0009_calibrated_extr1D_tw_slit_curv.fits
17:33:17 [ INFO  ] cpl_dfs_product_save: [tid=000]           Writing FITS table product(UTIL_SLIT_CURV_TW): CRIRES_SPEC_WAVE203_0009_calibrated_extr1D_tw_tw.fits
17:33:17 [ INFO  ] : [tid=000]           Calculating product checksums
17:33:19 [ INFO  ] : [tid=000]           Created product CRIRES_SPEC_WAVE203_0005_calibrated_extr1D_tw_map.fits (in place)
17:33:19 [ INFO  ] : [tid=000]           Created product CRIRES_SPEC_WAVE203_0005_calibrated_extr1D_tw_slit_curv.fits (in place)
17:33:19 [ INFO  ] : [tid=000]           Created product CRIRES_SPEC_WAVE203_0005_calibrated_extr1D_tw_tw.fits (in place)
17:33:19 [ INFO  ] : [tid=000]           Created product CRIRES_SPEC_WAVE203_0006_calibrated_extr1D_tw_map.fits (in place)
17:33:19 [ INFO  ] : [tid=000]           Created product CRIRES_SPEC_WAVE203_0006_calibrated_extr1D_tw_slit_curv.fits (in place)
17:33:19 [ INFO  ] : [tid=000]           Created product CRIRES_SPEC_WAVE203_0006_calibrated_extr1D_tw_tw.fits (in place)
17:33:19 [ INFO  ] : [tid=000]           Created product CRIRES_SPEC_WAVE203_0007_calibrated_extr1D_tw_map.fits (in place)
17:33:19 [ INFO  ] : [tid=000]           Created product CRIRES_SPEC_WAVE203_0007_calibrated_extr1D_tw_slit_curv.fits (in place)
17:33:19 [ INFO  ] : [tid=000]           Created product CRIRES_SPEC_WAVE203_0007_calibrated_extr1D_tw_tw.fits (in place)
17:33:19 [ INFO  ] : [tid=000]           Created product CRIRES_SPEC_WAVE203_0008_calibrated_extr1D_tw_map.fits (in place)
17:33:19 [ INFO  ] : [tid=000]           Created product CRIRES_SPEC_WAVE203_0008_calibrated_extr1D_tw_slit_curv.fits (in place)
17:33:19 [ INFO  ] : [tid=000]           Created product CRIRES_SPEC_WAVE203_0008_calibrated_extr1D_tw_tw.fits (in place)
17:33:19 [ INFO  ] : [tid=000]           Created product CRIRES_SPEC_WAVE203_0009_calibrated_extr1D_tw_map.fits (in place)
17:33:19 [ INFO  ] : [tid=000]           Created product CRIRES_SPEC_WAVE203_0009_calibrated_extr1D_tw_slit_curv.fits (in place)
17:33:19 [ INFO  ] : [tid=000]           Created product CRIRES_SPEC_WAVE203_0009_calibrated_extr1D_tw_tw.fits (in place)
17:33:19 [ INFO  ] : [tid=000]           15 products created
17:33:19 [ INFO  ] : [tid=000]           Recipe operation(s) took           4.37 seconds to complete.
17:33:19 [ INFO  ] : [tid=000]           Total size of 5 raw input frames  =     0.68 MB

17:33:19 [ INFO  ] : [tid=000]           => processing rate of     0.15 MB/sec 

