
Start time     : 2019-09-02T14:39:57
Program name   : esorex
Severity level : [ INFO  ] 

14:39:57 [ INFO  ] : [tid=000] This is EsoRex, version 3.13.1
14:39:57 [ INFO  ] : [tid=000] using the libraries: CPL = 7.1, CFITSIO = 3.36, WCSLIB = 4.24, FFTW (normal precision) = 3.3.7, FFTW (single precision) = 3.3.7, CPL FLOP counting is unavailable, enable with -DCPL_ADD_FLOPS, OPENMP = 201511
14:39:57 [ INFO  ] : [tid=000] Invocation command line was: esorex --mem-check=TRUE cr2res_util_calib --collapse=NONE cr2res_util_calib.sof
14:39:57 [ INFO  ] cr2res_util_calib: [tid=000] Process Detector 1
14:39:57 [ INFO  ] cr2res_util_calib: [tid=000]   Load the input frames
14:39:57 [ INFO  ] cr2res_util_calib: [tid=000]   Calibrate the input images
14:39:57 [ INFO  ] cr2res_calib_image: [tid=000]   Correct the bad pixels
14:39:57 [ INFO  ] cr2res_calib_image: [tid=000]   Correct for the dark
14:39:57 [ INFO  ] cr2res_calib_image: [tid=000]   Correct the bad pixels
14:39:57 [ INFO  ] cr2res_calib_image: [tid=000]   Correct for the dark
14:39:57 [ INFO  ] cr2res_calib_image: [tid=000]   Correct the bad pixels
14:39:57 [ INFO  ] cr2res_calib_image: [tid=000]   Correct for the dark
14:39:58 [ INFO  ] cr2res_calib_image: [tid=000]   Correct the bad pixels
14:39:58 [ INFO  ] cr2res_calib_image: [tid=000]   Correct for the dark
14:39:58 [ INFO  ] cr2res_calib_image: [tid=000]   Correct the bad pixels
14:39:58 [ INFO  ] cr2res_calib_image: [tid=000]   Correct for the dark
14:39:58 [ INFO  ] cr2res_util_calib: [tid=000] Process Detector 2
14:39:58 [ INFO  ] cr2res_util_calib: [tid=000]   Load the input frames
14:39:58 [ INFO  ] cr2res_util_calib: [tid=000]   Calibrate the input images
14:39:58 [ INFO  ] cr2res_calib_image: [tid=000]   Correct the bad pixels
14:39:58 [ INFO  ] cr2res_calib_image: [tid=000]   Correct for the dark
14:39:58 [ INFO  ] cr2res_calib_image: [tid=000]   Correct the bad pixels
14:39:58 [ INFO  ] cr2res_calib_image: [tid=000]   Correct for the dark
14:39:58 [ INFO  ] cr2res_calib_image: [tid=000]   Correct the bad pixels
14:39:58 [ INFO  ] cr2res_calib_image: [tid=000]   Correct for the dark
14:39:59 [ INFO  ] cr2res_calib_image: [tid=000]   Correct the bad pixels
14:39:59 [ INFO  ] cr2res_calib_image: [tid=000]   Correct for the dark
14:39:59 [ INFO  ] cr2res_calib_image: [tid=000]   Correct the bad pixels
14:39:59 [ INFO  ] cr2res_calib_image: [tid=000]   Correct for the dark
14:39:59 [ INFO  ] cr2res_util_calib: [tid=000] Process Detector 3
14:39:59 [ INFO  ] cr2res_util_calib: [tid=000]   Load the input frames
14:39:59 [ INFO  ] cr2res_util_calib: [tid=000]   Calibrate the input images
14:39:59 [ INFO  ] cr2res_calib_image: [tid=000]   Correct the bad pixels
14:39:59 [ INFO  ] cr2res_calib_image: [tid=000]   Correct for the dark
14:39:59 [ INFO  ] cr2res_calib_image: [tid=000]   Correct the bad pixels
14:39:59 [ INFO  ] cr2res_calib_image: [tid=000]   Correct for the dark
14:39:59 [ INFO  ] cr2res_calib_image: [tid=000]   Correct the bad pixels
14:39:59 [ INFO  ] cr2res_calib_image: [tid=000]   Correct for the dark
14:40:00 [ INFO  ] cr2res_calib_image: [tid=000]   Correct the bad pixels
14:40:00 [ INFO  ] cr2res_calib_image: [tid=000]   Correct for the dark
14:40:00 [ INFO  ] cr2res_calib_image: [tid=000]   Correct the bad pixels
14:40:00 [ INFO  ] cr2res_calib_image: [tid=000]   Correct for the dark
14:40:00 [ INFO  ] cpl_dfs_product_save: [tid=000] Writing FITS propertylist product(UTIL_CALIB): CRIRES_SPEC_FLAT203_0001_calibrated.fits
14:40:00 [ INFO  ] cpl_dfs_product_save: [tid=000] Writing FITS propertylist product(UTIL_CALIB): CRIRES_SPEC_FLAT203_0002_calibrated.fits
14:40:01 [ INFO  ] cpl_dfs_product_save: [tid=000] Writing FITS propertylist product(UTIL_CALIB): CRIRES_SPEC_FLAT203_0003_calibrated.fits
14:40:01 [ INFO  ] cpl_dfs_product_save: [tid=000] Writing FITS propertylist product(UTIL_CALIB): CRIRES_SPEC_FLAT203_0004_calibrated.fits
14:40:01 [ INFO  ] cpl_dfs_product_save: [tid=000] Writing FITS propertylist product(UTIL_CALIB): CRIRES_SPEC_FLAT203_0005_calibrated.fits
14:40:01 [ INFO  ] : [tid=000] Calculating product checksums
14:40:03 [ INFO  ] : [tid=000] Created product CRIRES_SPEC_FLAT203_0001_calibrated.fits (in place)
14:40:03 [ INFO  ] : [tid=000] Created product CRIRES_SPEC_FLAT203_0002_calibrated.fits (in place)
14:40:03 [ INFO  ] : [tid=000] Created product CRIRES_SPEC_FLAT203_0003_calibrated.fits (in place)
14:40:03 [ INFO  ] : [tid=000] Created product CRIRES_SPEC_FLAT203_0004_calibrated.fits (in place)
14:40:03 [ INFO  ] : [tid=000] Created product CRIRES_SPEC_FLAT203_0005_calibrated.fits (in place)
14:40:03 [ INFO  ] : [tid=000] 5 products created
14:40:03 [ INFO  ] : [tid=000] Recipe operation(s) took           6.55 seconds to complete.
14:40:03 [ INFO  ] : [tid=000] Total size of 5 raw input frames  =   252.82 MB

14:40:03 [ INFO  ] : [tid=000] => processing rate of    38.62 MB/sec 

