
Start time     : 2019-09-12T09:39:42
Program name   : esorex
Severity level : [ INFO  ] 

09:39:42 [ INFO  ] : [tid=000] This is EsoRex, version 3.13.1
09:39:42 [ INFO  ] : [tid=000] using the libraries: CPL = 7.1, CFITSIO = 3.36, WCSLIB = 4.24, FFTW (normal precision) = 3.3.7, FFTW (single precision) = 3.3.7, CPL FLOP counting is unavailable, enable with -DCPL_ADD_FLOPS, OPENMP = 201511
09:39:42 [ INFO  ] : [tid=000] Invocation command line was: esorex --mem-check=TRUE cr2res_cal_flat cr2res_cal_flat.sof
09:39:42 [ INFO  ] cr2res_cal_flat: [tid=000] Process SETTING J_1_3
09:39:42 [ INFO  ] cr2res_cal_flat: [tid=000]   Reduce Open Frames
09:39:42 [ INFO  ] cr2res_cal_flat: [tid=000]     Process Detector 1
09:39:43 [ INFO  ] cr2res_cal_flat_reduce: [tid=000]       Calibrate the input images
09:39:43 [ INFO  ] cr2res_calib_image: [tid=000]         Correct the bad pixels
09:39:43 [ INFO  ] cr2res_calib_image: [tid=000]         Correct for the dark
09:39:43 [ INFO  ] cr2res_calib_image: [tid=000]         Correct the bad pixels
09:39:43 [ INFO  ] cr2res_calib_image: [tid=000]         Correct for the dark
09:39:43 [ INFO  ] cr2res_calib_image: [tid=000]         Correct the bad pixels
09:39:43 [ INFO  ] cr2res_calib_image: [tid=000]         Correct for the dark
09:39:44 [ INFO  ] cr2res_calib_image: [tid=000]         Correct the bad pixels
09:39:44 [ INFO  ] cr2res_calib_image: [tid=000]         Correct for the dark
09:39:44 [ INFO  ] cr2res_calib_image: [tid=000]         Correct the bad pixels
09:39:44 [ INFO  ] cr2res_calib_image: [tid=000]         Correct for the dark
09:39:44 [ INFO  ] cr2res_cal_flat_reduce: [tid=000]       Collapse the input images
09:39:44 [ INFO  ] cr2res_cal_flat_reduce: [tid=000]       Compute the traces
09:39:44 [ INFO  ] cr2res_trace: [tid=000]         Detect the signal
09:39:44 [ INFO  ] cr2res_trace: [tid=000]         Traces cleaning
09:39:44 [ INFO  ] cr2res_trace_clean: [tid=000]         Apply Opening to cleanup the traces
09:39:44 [ INFO  ] cr2res_trace_clean: [tid=000]         Remove the small blobs (<= 40000 pixels)
09:39:44 [ INFO  ] cr2res_trace: [tid=000]         Labelise the traces
09:39:45 [ INFO  ] cr2res_trace: [tid=000]         Fit the trace edges
09:39:45 [ INFO  ] cr2res_cal_flat_reduce: [tid=000]       Extract the traces
09:39:45 [ INFO  ] cr2res_cal_flat_reduce: [tid=000]         Process Order 1/Trace 1
09:39:46 [ INFO  ] cr2res_cal_flat_reduce: [tid=000]         Process Order 2/Trace 1
09:39:47 [ INFO  ] cr2res_cal_flat_reduce: [tid=000]         Process Order 3/Trace 1
09:39:49 [ INFO  ] cr2res_cal_flat_reduce: [tid=000]         Process Order 4/Trace 1
09:39:50 [ INFO  ] cr2res_cal_flat_reduce: [tid=000]         Process Order 5/Trace 1
09:39:52 [ INFO  ] cr2res_cal_flat_reduce: [tid=000]         Process Order 6/Trace 1
09:39:53 [ INFO  ] cr2res_cal_flat_reduce: [tid=000]         Process Order 7/Trace 1
09:39:54 [ INFO  ] cr2res_cal_flat_reduce: [tid=000]         Process Order 8/Trace 1
09:39:56 [ INFO  ] cr2res_cal_flat_reduce: [tid=000]         Process Order 9/Trace 1
09:39:57 [ INFO  ] cr2res_cal_flat_reduce: [tid=000]       Compute the master flat
09:39:57 [ INFO  ] cr2res_cal_flat: [tid=000]     Process Detector 2
09:39:58 [ INFO  ] cr2res_cal_flat_reduce: [tid=000]       Calibrate the input images
09:39:58 [ INFO  ] cr2res_calib_image: [tid=000]         Correct the bad pixels
09:39:58 [ INFO  ] cr2res_calib_image: [tid=000]         Correct for the dark
09:39:58 [ INFO  ] cr2res_calib_image: [tid=000]         Correct the bad pixels
09:39:58 [ INFO  ] cr2res_calib_image: [tid=000]         Correct for the dark
09:39:58 [ INFO  ] cr2res_calib_image: [tid=000]         Correct the bad pixels
09:39:58 [ INFO  ] cr2res_calib_image: [tid=000]         Correct for the dark
09:39:58 [ INFO  ] cr2res_calib_image: [tid=000]         Correct the bad pixels
09:39:58 [ INFO  ] cr2res_calib_image: [tid=000]         Correct for the dark
09:39:58 [ INFO  ] cr2res_calib_image: [tid=000]         Correct the bad pixels
09:39:58 [ INFO  ] cr2res_calib_image: [tid=000]         Correct for the dark
09:39:59 [ INFO  ] cr2res_cal_flat_reduce: [tid=000]       Collapse the input images
09:39:59 [ INFO  ] cr2res_cal_flat_reduce: [tid=000]       Compute the traces
09:39:59 [ INFO  ] cr2res_trace: [tid=000]         Detect the signal
09:39:59 [ INFO  ] cr2res_trace: [tid=000]         Traces cleaning
09:39:59 [ INFO  ] cr2res_trace_clean: [tid=000]         Apply Opening to cleanup the traces
09:39:59 [ INFO  ] cr2res_trace_clean: [tid=000]         Remove the small blobs (<= 40000 pixels)
09:39:59 [ INFO  ] cr2res_trace: [tid=000]         Labelise the traces
09:39:59 [ INFO  ] cr2res_trace: [tid=000]         Fit the trace edges
09:39:59 [WARNING] cr2res_pfits_get_order: [tid=000]       Order 9 identified with large difference of 119.8 pix
09:40:00 [WARNING] cr2res_trace_add_extra_columns: [tid=000]       Cannot assign slit fraction.
09:40:00 [WARNING] cr2res_trace_add_extra_columns: [tid=000]       Cannot assign slit fraction.
09:40:00 [ INFO  ] cr2res_cal_flat_reduce: [tid=000]       Extract the traces
09:40:00 [ INFO  ] cr2res_cal_flat_reduce: [tid=000]         Process Order 1/Trace 1
09:40:00 [ INFO  ] cr2res_cal_flat_reduce: [tid=000]         Process Order 2/Trace 1
09:40:02 [ INFO  ] cr2res_cal_flat_reduce: [tid=000]         Process Order 3/Trace 1
09:40:04 [ INFO  ] cr2res_cal_flat_reduce: [tid=000]         Process Order 4/Trace 1
09:40:06 [ INFO  ] cr2res_cal_flat_reduce: [tid=000]         Process Order 5/Trace 1
09:40:08 [ INFO  ] cr2res_cal_flat_reduce: [tid=000]         Process Order 6/Trace 1
09:40:10 [ INFO  ] cr2res_cal_flat_reduce: [tid=000]         Process Order 7/Trace 1
09:40:11 [ INFO  ] cr2res_cal_flat_reduce: [tid=000]         Process Order 8/Trace 1
09:40:12 [ INFO  ] cr2res_cal_flat_reduce: [tid=000]         Process Order 9/Trace 1
09:40:14 [ INFO  ] cr2res_cal_flat_reduce: [tid=000]         Process Order 9/Trace 2
09:40:14 [WARNING] cr2res_trace_compute_height: [tid=000]           Stdev of extraction height is large: 16.9
09:40:14 [ INFO  ] cr2res_cal_flat_reduce: [tid=000]       Compute the master flat
09:40:14 [ INFO  ] cr2res_cal_flat: [tid=000]     Process Detector 3
09:40:15 [ INFO  ] cr2res_cal_flat_reduce: [tid=000]       Calibrate the input images
09:40:15 [ INFO  ] cr2res_calib_image: [tid=000]         Correct the bad pixels
09:40:15 [ INFO  ] cr2res_calib_image: [tid=000]         Correct for the dark
09:40:15 [ INFO  ] cr2res_calib_image: [tid=000]         Correct the bad pixels
09:40:15 [ INFO  ] cr2res_calib_image: [tid=000]         Correct for the dark
09:40:15 [ INFO  ] cr2res_calib_image: [tid=000]         Correct the bad pixels
09:40:15 [ INFO  ] cr2res_calib_image: [tid=000]         Correct for the dark
09:40:15 [ INFO  ] cr2res_calib_image: [tid=000]         Correct the bad pixels
09:40:15 [ INFO  ] cr2res_calib_image: [tid=000]         Correct for the dark
09:40:16 [ INFO  ] cr2res_calib_image: [tid=000]         Correct the bad pixels
09:40:16 [ INFO  ] cr2res_calib_image: [tid=000]         Correct for the dark
09:40:16 [ INFO  ] cr2res_cal_flat_reduce: [tid=000]       Collapse the input images
09:40:16 [ INFO  ] cr2res_cal_flat_reduce: [tid=000]       Compute the traces
09:40:16 [ INFO  ] cr2res_trace: [tid=000]         Detect the signal
09:40:16 [ INFO  ] cr2res_trace: [tid=000]         Traces cleaning
09:40:16 [ INFO  ] cr2res_trace_clean: [tid=000]         Apply Opening to cleanup the traces
09:40:16 [ INFO  ] cr2res_trace_clean: [tid=000]         Remove the small blobs (<= 40000 pixels)
09:40:16 [ INFO  ] cr2res_trace: [tid=000]         Labelise the traces
09:40:16 [ INFO  ] cr2res_trace: [tid=000]         Fit the trace edges
09:40:17 [ INFO  ] cr2res_cal_flat_reduce: [tid=000]       Extract the traces
09:40:17 [ INFO  ] cr2res_cal_flat_reduce: [tid=000]         Process Order 1/Trace 1
09:40:17 [ INFO  ] cr2res_cal_flat_reduce: [tid=000]         Process Order 2/Trace 1
09:40:19 [ INFO  ] cr2res_cal_flat_reduce: [tid=000]         Process Order 3/Trace 1
09:40:20 [ INFO  ] cr2res_cal_flat_reduce: [tid=000]         Process Order 4/Trace 1
09:40:22 [ INFO  ] cr2res_cal_flat_reduce: [tid=000]         Process Order 5/Trace 1
09:40:23 [ INFO  ] cr2res_cal_flat_reduce: [tid=000]         Process Order 6/Trace 1
09:40:25 [ INFO  ] cr2res_cal_flat_reduce: [tid=000]         Process Order 7/Trace 1
09:40:26 [ INFO  ] cr2res_cal_flat_reduce: [tid=000]         Process Order 8/Trace 1
09:40:28 [ INFO  ] cr2res_cal_flat_reduce: [tid=000]         Process Order 9/Trace 1
09:40:29 [ INFO  ] cr2res_cal_flat_reduce: [tid=000]       Compute the master flat
09:40:30 [ INFO  ] cpl_dfs_product_save: [tid=000]     Writing FITS propertylist product(CAL_FLAT_SLIT_MODEL): cr2res_cal_flat_J_1_3_Open_slit_model.fits
09:40:30 [ INFO  ] cpl_dfs_product_save: [tid=000]     Writing FITS table product(CAL_FLAT_EXTRACT_1D): cr2res_cal_flat_J_1_3_Open_blaze.fits
09:40:30 [ INFO  ] cpl_dfs_product_save: [tid=000]     Writing FITS propertylist product(CAL_FLAT_MASTER): cr2res_cal_flat_J_1_3_Open_master_flat.fits
09:40:30 [ INFO  ] cpl_dfs_product_save: [tid=000]     Writing FITS table product(CAL_FLAT_TW): cr2res_cal_flat_J_1_3_Open_tw.fits
09:40:30 [ INFO  ] cpl_dfs_product_save: [tid=000]     Writing FITS table product(CAL_FLAT_SLIT_FUNC): cr2res_cal_flat_J_1_3_Open_slit_func.fits
09:40:30 [ INFO  ] cpl_dfs_product_save: [tid=000]     Writing FITS propertylist product(CAL_FLAT_BPM): cr2res_cal_flat_J_1_3_Open_bpm.fits
09:40:30 [ INFO  ] cr2res_cal_flat: [tid=000]   No files for decker: Decker1
09:40:30 [ INFO  ] cr2res_cal_flat: [tid=000]   No files for decker: Decker2
09:40:30 [ INFO  ] cpl_dfs_product_save: [tid=000]   Writing FITS table product(CAL_FLAT_TW_MERGED): cr2res_cal_flat_J_1_3_tw_merged.fits
09:40:31 [ INFO  ] : [tid=000] Calculating product checksums
09:40:32 [ INFO  ] : [tid=000] Created product cr2res_cal_flat_J_1_3_Open_slit_model.fits (in place)
09:40:32 [ INFO  ] : [tid=000] Created product cr2res_cal_flat_J_1_3_Open_blaze.fits (in place)
09:40:32 [ INFO  ] : [tid=000] Created product cr2res_cal_flat_J_1_3_Open_master_flat.fits (in place)
09:40:32 [ INFO  ] : [tid=000] Created product cr2res_cal_flat_J_1_3_Open_tw.fits (in place)
09:40:32 [ INFO  ] : [tid=000] Created product cr2res_cal_flat_J_1_3_Open_slit_func.fits (in place)
09:40:32 [ INFO  ] : [tid=000] Created product cr2res_cal_flat_J_1_3_Open_bpm.fits (in place)
09:40:32 [ INFO  ] : [tid=000] Created product cr2res_cal_flat_J_1_3_tw_merged.fits (in place)
09:40:32 [ INFO  ] : [tid=000] 7 products created
09:40:32 [ INFO  ] : [tid=000] Recipe operation(s) took           49.7 seconds to complete.
09:40:32 [ INFO  ] : [tid=000] Total size of 5 raw input frames  =   252.82 MB

09:40:32 [ INFO  ] : [tid=000] => processing rate of     5.09 MB/sec 

